INFO:__main__:
============================================================
INFO:__main__:Starting metrics collection for func_235 (prophet)
INFO:__main__:Duration: 600s, Interval: 5s
INFO:__main__:============================================================

INFO:__main__:Time       Pods   Pending  Desired  CPU(m)   Mem(MB)  Cold Start  
INFO:__main__:----------------------------------------------------------------------
INFO:__main__:00:52:23   0      0        0        0        0                    
INFO:__main__:00:52:30   0      0        0        0        0                    
INFO:__main__:00:52:36   0      0        0        0        0                    
INFO:__main__:00:52:43   0      0        0        0        0                    
INFO:__main__:00:52:48   0      0        0        0        0                    
INFO:__main__:00:52:55   0      0        0        0        0                    
INFO:__main__:00:53:01   0      0        0        0        0                    
INFO:__main__:00:53:08   0      0        0        0        0                    
INFO:__main__:00:53:14   0      0        0        0        0                    
INFO:__main__:00:53:21   0      0        0        0        0                    
INFO:__main__:00:53:27   0      0        0        0        0                    
INFO:__main__:00:53:33   0      0        0        0        0                    
INFO:__main__:00:53:39   0      0        0        0        0                    
INFO:__main__:00:53:45   0      0        0        0        0                    
INFO:__main__:00:53:51   0      0        0        0        0                    
INFO:__main__:00:53:57   0      0        0        0        0                    
INFO:__main__:00:54:03   0      0        0        0        0                    
INFO:__main__:00:54:14   0      0        0        0        0                    
INFO:__main__:00:54:25   0      0        0        0        0                    
INFO:__main__:00:54:31   0      0        0        0        0                    
INFO:__main__:00:54:37   0      0        0        0        0                    
INFO:__main__:00:54:44   0      0        0        0        0                    
INFO:__main__:00:54:50   0      0        0        0        0                    
INFO:__main__:00:54:57   0      0        0        0        0                    
INFO:__main__:00:55:04   0      0        0        0        0                    
INFO:__main__:00:55:10   0      0        0        0        0                    
INFO:__main__:00:55:17   0      0        0        0        0                    
INFO:__main__:00:55:23   0      0        0        0        0                    
INFO:__main__:00:55:29   0      0        0        0        0                    
INFO:__main__:00:55:35   0      0        0        0        0                    
INFO:__main__:00:55:41   0      0        0        0        0                    
INFO:__main__:00:55:47   0      0        0        0        0                    
INFO:__main__:00:55:53   0      0        0        0        0                    
INFO:__main__:00:55:59   0      0        0        0        0                    
INFO:__main__:00:56:05   0      0        0        0        0                    
INFO:__main__:00:56:12   0      0        0        0        0                    
INFO:__main__:00:56:18   0      0        0        0        0                    
INFO:__main__:00:56:23   0      0        0        0        0                    
INFO:__main__:00:56:29   0      0        0        0        0                    
INFO:__main__:00:56:35   0      0        0        0        0                    
INFO:__main__:00:56:40   0      0        0        0        0                    
INFO:__main__:00:56:46   0      0        0        0        0                    
INFO:__main__:
Metrics collection stopped by user
