
 TRAFFIC RUN: func_235-hybrid
URL: http://func-235-hybrid.default.172.199.57.57.sslip.io
Replay minutes: 200
Speedup: 90x

[2025-11-23T20:38:00+00:00] Minute 1/200: 50 req
→ 50/50 ok | pods=3 | p95=1351.6 ms COLD
[2025-11-23T20:38:24+00:00] Minute 2/200: 50 req
→ 50/50 ok | pods=3 | p95=858.5 ms 
[2025-11-23T20:38:39+00:00] Minute 3/200: 0 req
[2025-11-23T20:38:39+00:00] Minute 4/200: 50 req
→ 50/50 ok | pods=3 | p95=718.9 ms 
[2025-11-23T20:38:54+00:00] Minute 5/200: 50 req
→ 50/50 ok | pods=3 | p95=748.0 ms 
[2025-11-23T20:39:09+00:00] Minute 6/200: 50 req
→ 50/50 ok | pods=4 | p95=671.7 ms COLD
[2025-11-23T20:39:23+00:00] Minute 7/200: 2 req
→ 2/2 ok | pods=4 | p95=590.9 ms 
[2025-11-23T20:39:24+00:00] Minute 8/200: 22 req
→ 22/22 ok | pods=4 | p95=608.2 ms 
[2025-11-23T20:39:30+00:00] Minute 9/200: 50 req
→ 50/50 ok | pods=4 | p95=718.3 ms 
[2025-11-23T20:39:46+00:00] Minute 10/200: 13 req
→ 13/13 ok | pods=3 | p95=1830.7 ms 
[2025-11-23T20:39:52+00:00] Minute 11/200: 0 req
[2025-11-23T20:39:52+00:00] Minute 12/200: 1 req
→ 1/1 ok | pods=3 | p95=466.9 ms 
[2025-11-23T20:39:53+00:00] Minute 13/200: 8 req
→ 8/8 ok | pods=3 | p95=920.8 ms 
[2025-11-23T20:39:55+00:00] Minute 14/200: 50 req
→ 50/50 ok | pods=3 | p95=701.9 ms 
[2025-11-23T20:40:09+00:00] Minute 15/200: 50 req
→ 50/50 ok | pods=3 | p95=747.2 ms 
[2025-11-23T20:40:24+00:00] Minute 16/200: 50 req
→ 50/50 ok | pods=3 | p95=704.3 ms 
[2025-11-23T20:40:39+00:00] Minute 17/200: 50 req
→ 50/50 ok | pods=3 | p95=712.3 ms 
[2025-11-23T20:40:54+00:00] Minute 18/200: 11 req
→ 11/11 ok | pods=3 | p95=611.6 ms 
[2025-11-23T20:40:57+00:00] Minute 19/200: 21 req
→ 21/21 ok | pods=3 | p95=797.5 ms 
[2025-11-23T20:41:04+00:00] Minute 20/200: 6 req
→ 6/6 ok | pods=3 | p95=794.3 ms 
[2025-11-23T20:41:07+00:00] Minute 21/200: 27 req
→ 27/27 ok | pods=3 | p95=763.2 ms 
[2025-11-23T20:41:16+00:00] Minute 22/200: 50 req
→ 50/50 ok | pods=3 | p95=793.6 ms 
[2025-11-23T20:41:32+00:00] Minute 23/200: 50 req
→ 50/50 ok | pods=3 | p95=736.3 ms 
[2025-11-23T20:41:48+00:00] Minute 24/200: 0 req
[2025-11-23T20:41:48+00:00] Minute 25/200: 34 req
→ 34/34 ok | pods=2 | p95=778.3 ms 
[2025-11-23T20:41:59+00:00] Minute 26/200: 47 req
→ 47/47 ok | pods=2 | p95=812.6 ms 
[2025-11-23T20:42:14+00:00] Minute 27/200: 24 req
→ 24/24 ok | pods=2 | p95=734.2 ms 
[2025-11-23T20:42:22+00:00] Minute 28/200: 50 req
→ 50/50 ok | pods=2 | p95=721.7 ms 
[2025-11-23T20:42:38+00:00] Minute 29/200: 50 req
→ 50/50 ok | pods=2 | p95=769.9 ms 
[2025-11-23T20:42:54+00:00] Minute 30/200: 50 req
→ 50/50 ok | pods=2 | p95=728.0 ms 
[2025-11-23T20:43:09+00:00] Minute 31/200: 49 req
→ 49/49 ok | pods=3 | p95=713.3 ms COLD
[2025-11-23T20:43:24+00:00] Minute 32/200: 50 req
→ 50/50 ok | pods=3 | p95=786.0 ms 
[2025-11-23T20:43:39+00:00] Minute 33/200: 50 req
→ 50/50 ok | pods=3 | p95=696.5 ms 
[2025-11-23T20:43:53+00:00] Minute 34/200: 0 req
[2025-11-23T20:43:53+00:00] Minute 35/200: 21 req
→ 21/21 ok | pods=3 | p95=698.2 ms 
[2025-11-23T20:44:00+00:00] Minute 36/200: 50 req
→ 50/50 ok | pods=3 | p95=807.5 ms 
[2025-11-23T20:44:15+00:00] Minute 37/200: 17 req
→ 17/17 ok | pods=3 | p95=570.6 ms 
[2025-11-23T20:44:20+00:00] Minute 38/200: 50 req
→ 50/50 ok | pods=4 | p95=632.1 ms COLD
[2025-11-23T20:44:33+00:00] Minute 39/200: 50 req
→ 50/50 ok | pods=4 | p95=689.7 ms 
[2025-11-23T20:44:48+00:00] Minute 40/200: 50 req
→ 50/50 ok | pods=3 | p95=772.5 ms 
[2025-11-23T20:45:04+00:00] Minute 41/200: 21 req
→ 21/21 ok | pods=3 | p95=715.7 ms 
[2025-11-23T20:45:10+00:00] Minute 42/200: 50 req
→ 50/50 ok | pods=3 | p95=703.0 ms 
[2025-11-23T20:45:25+00:00] Minute 43/200: 50 req
→ 50/50 ok | pods=3 | p95=811.9 ms 
[2025-11-23T20:45:41+00:00] Minute 44/200: 50 req
→ 50/50 ok | pods=3 | p95=817.9 ms 
[2025-11-23T20:45:57+00:00] Minute 45/200: 50 req
→ 50/50 ok | pods=4 | p95=677.9 ms COLD
[2025-11-23T20:46:11+00:00] Minute 46/200: 50 req
→ 50/50 ok | pods=3 | p95=815.6 ms 
[2025-11-23T20:46:26+00:00] Minute 47/200: 50 req
→ 50/50 ok | pods=3 | p95=817.2 ms 
[2025-11-23T20:46:42+00:00] Minute 48/200: 50 req
→ 50/50 ok | pods=3 | p95=719.9 ms 
[2025-11-23T20:46:56+00:00] Minute 49/200: 50 req
→ 50/50 ok | pods=3 | p95=716.4 ms 
[2025-11-23T20:47:11+00:00] Minute 50/200: 50 req
→ 50/50 ok | pods=3 | p95=713.9 ms 
[2025-11-23T20:47:27+00:00] Minute 51/200: 50 req
→ 50/50 ok | pods=3 | p95=700.0 ms 
[2025-11-23T20:47:42+00:00] Minute 52/200: 50 req
→ 50/50 ok | pods=3 | p95=621.9 ms 
[2025-11-23T20:47:56+00:00] Minute 53/200: 50 req
→ 50/50 ok | pods=3 | p95=713.5 ms 
[2025-11-23T20:48:11+00:00] Minute 54/200: 50 req
→ 50/50 ok | pods=3 | p95=699.8 ms 
[2025-11-23T20:48:26+00:00] Minute 55/200: 50 req
→ 50/50 ok | pods=3 | p95=719.8 ms 
[2025-11-23T20:48:40+00:00] Minute 56/200: 50 req
→ 50/50 ok | pods=3 | p95=720.4 ms 
[2025-11-23T20:48:55+00:00] Minute 57/200: 50 req
→ 50/50 ok | pods=3 | p95=714.9 ms 
[2025-11-23T20:49:10+00:00] Minute 58/200: 50 req
→ 50/50 ok | pods=3 | p95=707.4 ms 
[2025-11-23T20:49:25+00:00] Minute 59/200: 50 req
→ 50/50 ok | pods=3 | p95=715.4 ms 
[2025-11-23T20:49:40+00:00] Minute 60/200: 50 req
→ 50/50 ok | pods=3 | p95=715.7 ms 
[2025-11-23T20:49:54+00:00] Minute 61/200: 50 req
→ 50/50 ok | pods=3 | p95=786.9 ms 
[2025-11-23T20:50:10+00:00] Minute 62/200: 50 req
→ 50/50 ok | pods=3 | p95=706.7 ms 
[2025-11-23T20:50:24+00:00] Minute 63/200: 50 req
→ 50/50 ok | pods=3 | p95=712.9 ms 
[2025-11-23T20:50:38+00:00] Minute 64/200: 50 req
→ 50/50 ok | pods=3 | p95=716.7 ms 
[2025-11-23T20:50:53+00:00] Minute 65/200: 50 req
→ 50/50 ok | pods=3 | p95=720.0 ms 
[2025-11-23T20:51:07+00:00] Minute 66/200: 50 req
→ 50/50 ok | pods=3 | p95=710.3 ms 
[2025-11-23T20:51:22+00:00] Minute 67/200: 50 req
→ 50/50 ok | pods=3 | p95=781.2 ms 
[2025-11-23T20:51:37+00:00] Minute 68/200: 50 req
→ 50/50 ok | pods=3 | p95=815.1 ms 
[2025-11-23T20:51:53+00:00] Minute 69/200: 50 req
→ 50/50 ok | pods=4 | p95=773.8 ms COLD
[2025-11-23T20:52:09+00:00] Minute 70/200: 50 req
→ 50/50 ok | pods=4 | p95=716.1 ms 
[2025-11-23T20:52:24+00:00] Minute 71/200: 50 req
→ 50/50 ok | pods=4 | p95=714.6 ms 
[2025-11-23T20:52:39+00:00] Minute 72/200: 50 req
→ 50/50 ok | pods=5 | p95=715.4 ms COLD
[2025-11-23T20:52:54+00:00] Minute 73/200: 50 req
→ 50/50 ok | pods=5 | p95=719.3 ms 
[2025-11-23T20:53:10+00:00] Minute 74/200: 50 req
→ 50/50 ok | pods=5 | p95=714.8 ms 
[2025-11-23T20:53:25+00:00] Minute 75/200: 50 req
→ 50/50 ok | pods=5 | p95=714.8 ms 
[2025-11-23T20:53:40+00:00] Minute 76/200: 50 req
→ 50/50 ok | pods=5 | p95=645.7 ms 
[2025-11-23T20:53:55+00:00] Minute 77/200: 50 req
→ 50/50 ok | pods=5 | p95=706.1 ms 
[2025-11-23T20:54:10+00:00] Minute 78/200: 50 req
→ 50/50 ok | pods=5 | p95=731.8 ms 
[2025-11-23T20:54:25+00:00] Minute 79/200: 50 req
→ 50/50 ok | pods=5 | p95=693.6 ms 
[2025-11-23T20:54:40+00:00] Minute 80/200: 50 req
→ 50/50 ok | pods=5 | p95=713.2 ms 
[2025-11-23T20:54:54+00:00] Minute 81/200: 50 req
→ 50/50 ok | pods=5 | p95=738.4 ms 
[2025-11-23T20:55:09+00:00] Minute 82/200: 50 req
→ 50/50 ok | pods=5 | p95=713.2 ms 
[2025-11-23T20:55:24+00:00] Minute 83/200: 50 req
→ 50/50 ok | pods=5 | p95=717.2 ms 
[2025-11-23T20:55:38+00:00] Minute 84/200: 50 req
→ 50/50 ok | pods=5 | p95=710.5 ms 
[2025-11-23T20:55:53+00:00] Minute 85/200: 26 req
→ 26/26 ok | pods=5 | p95=683.9 ms 
[2025-11-23T20:56:01+00:00] Minute 86/200: 50 req
→ 50/50 ok | pods=5 | p95=720.3 ms 
[2025-11-23T20:56:16+00:00] Minute 87/200: 0 req
[2025-11-23T20:56:16+00:00] Minute 88/200: 50 req
→ 50/50 ok | pods=5 | p95=707.1 ms 
[2025-11-23T20:56:31+00:00] Minute 89/200: 25 req
→ 25/25 ok | pods=5 | p95=686.9 ms 
[2025-11-23T20:56:38+00:00] Minute 90/200: 50 req
→ 50/50 ok | pods=5 | p95=798.3 ms 
[2025-11-23T20:56:54+00:00] Minute 91/200: 50 req
→ 50/50 ok | pods=5 | p95=786.7 ms 
[2025-11-23T20:57:09+00:00] Minute 92/200: 1 req
→ 1/1 ok | pods=5 | p95=494.7 ms 
[2025-11-23T20:57:10+00:00] Minute 93/200: 50 req
→ 50/50 ok | pods=5 | p95=715.3 ms 
[2025-11-23T20:57:25+00:00] Minute 94/200: 50 req
→ 50/50 ok | pods=5 | p95=717.0 ms 
[2025-11-23T20:57:40+00:00] Minute 95/200: 50 req
→ 50/50 ok | pods=5 | p95=714.9 ms 
[2025-11-23T20:57:55+00:00] Minute 96/200: 50 req
→ 50/50 ok | pods=5 | p95=718.9 ms 
[2025-11-23T20:58:10+00:00] Minute 97/200: 35 req
→ 35/35 ok | pods=5 | p95=673.6 ms 
[2025-11-23T20:58:21+00:00] Minute 98/200: 34 req
→ 34/34 ok | pods=5 | p95=718.2 ms 
[2025-11-23T20:58:32+00:00] Minute 99/200: 50 req
→ 50/50 ok | pods=5 | p95=718.1 ms 
[2025-11-23T20:58:47+00:00] Minute 100/200: 50 req
→ 50/50 ok | pods=5 | p95=714.4 ms 
[2025-11-23T20:59:02+00:00] Minute 101/200: 7 req
→ 7/7 ok | pods=5 | p95=682.5 ms 
[2025-11-23T20:59:04+00:00] Minute 102/200: 0 req
[2025-11-23T20:59:04+00:00] Minute 103/200: 0 req
[2025-11-23T20:59:05+00:00] Minute 104/200: 0 req
[2025-11-23T20:59:05+00:00] Minute 105/200: 0 req
[2025-11-23T20:59:05+00:00] Minute 106/200: 0 req
[2025-11-23T20:59:06+00:00] Minute 107/200: 0 req
[2025-11-23T20:59:06+00:00] Minute 108/200: 0 req
[2025-11-23T20:59:06+00:00] Minute 109/200: 0 req
[2025-11-23T20:59:06+00:00] Minute 110/200: 0 req
[2025-11-23T20:59:07+00:00] Minute 111/200: 0 req
[2025-11-23T20:59:07+00:00] Minute 112/200: 28 req
→ 28/28 ok | pods=5 | p95=716.8 ms 
[2025-11-23T20:59:15+00:00] Minute 113/200: 50 req
→ 50/50 ok | pods=5 | p95=714.7 ms 
[2025-11-23T20:59:30+00:00] Minute 114/200: 50 req
→ 50/50 ok | pods=5 | p95=714.9 ms 
[2025-11-23T20:59:45+00:00] Minute 115/200: 50 req
→ 50/50 ok | pods=5 | p95=714.8 ms 
[2025-11-23T21:00:00+00:00] Minute 116/200: 50 req
→ 50/50 ok | pods=5 | p95=900.0 ms 
[2025-11-23T21:00:17+00:00] Minute 117/200: 50 req
→ 50/50 ok | pods=5 | p95=715.3 ms 
[2025-11-23T21:00:33+00:00] Minute 118/200: 39 req
→ 39/39 ok | pods=5 | p95=721.6 ms 
[2025-11-23T21:00:45+00:00] Minute 119/200: 43 req
→ 43/43 ok | pods=5 | p95=714.0 ms 
[2025-11-23T21:00:58+00:00] Minute 120/200: 50 req
→ 50/50 ok | pods=5 | p95=734.0 ms 
[2025-11-23T21:01:14+00:00] Minute 121/200: 26 req
→ 26/26 ok | pods=5 | p95=714.5 ms 
[2025-11-23T21:01:23+00:00] Minute 122/200: 36 req
→ 36/36 ok | pods=5 | p95=742.7 ms 
[2025-11-23T21:01:34+00:00] Minute 123/200: 0 req
[2025-11-23T21:01:35+00:00] Minute 124/200: 0 req
[2025-11-23T21:01:35+00:00] Minute 125/200: 0 req
[2025-11-23T21:01:35+00:00] Minute 126/200: 0 req
[2025-11-23T21:01:35+00:00] Minute 127/200: 0 req
[2025-11-23T21:01:36+00:00] Minute 128/200: 0 req
[2025-11-23T21:01:36+00:00] Minute 129/200: 0 req
[2025-11-23T21:01:36+00:00] Minute 130/200: 0 req
[2025-11-23T21:01:36+00:00] Minute 131/200: 0 req
[2025-11-23T21:01:37+00:00] Minute 132/200: 0 req
[2025-11-23T21:01:37+00:00] Minute 133/200: 0 req
[2025-11-23T21:01:37+00:00] Minute 134/200: 0 req
[2025-11-23T21:01:38+00:00] Minute 135/200: 0 req
[2025-11-23T21:01:38+00:00] Minute 136/200: 0 req
[2025-11-23T21:01:38+00:00] Minute 137/200: 0 req
[2025-11-23T21:01:38+00:00] Minute 138/200: 44 req
→ 44/44 ok | pods=5 | p95=727.4 ms 
[2025-11-23T21:01:52+00:00] Minute 139/200: 25 req
→ 25/25 ok | pods=5 | p95=720.7 ms 
[2025-11-23T21:02:00+00:00] Minute 140/200: 50 req
→ 50/50 ok | pods=5 | p95=717.0 ms 
[2025-11-23T21:02:15+00:00] Minute 141/200: 50 req
→ 50/50 ok | pods=5 | p95=733.2 ms 
[2025-11-23T21:02:30+00:00] Minute 142/200: 50 req
→ 50/50 ok | pods=4 | p95=719.9 ms 
[2025-11-23T21:02:45+00:00] Minute 143/200: 50 req
→ 50/50 ok | pods=4 | p95=715.5 ms 
[2025-11-23T21:03:00+00:00] Minute 144/200: 42 req
→ 42/42 ok | pods=4 | p95=749.4 ms 
[2025-11-23T21:03:13+00:00] Minute 145/200: 50 req
→ 50/50 ok | pods=3 | p95=714.9 ms 
[2025-11-23T21:03:28+00:00] Minute 146/200: 50 req
→ 50/50 ok | pods=3 | p95=699.1 ms 
[2025-11-23T21:03:42+00:00] Minute 147/200: 16 req
→ 16/16 ok | pods=3 | p95=793.8 ms 
[2025-11-23T21:03:48+00:00] Minute 148/200: 50 req
→ 50/50 ok | pods=3 | p95=710.0 ms 
[2025-11-23T21:04:02+00:00] Minute 149/200: 50 req
→ 50/50 ok | pods=3 | p95=717.5 ms 
[2025-11-23T21:04:17+00:00] Minute 150/200: 50 req
→ 50/50 ok | pods=3 | p95=714.5 ms 
[2025-11-23T21:04:32+00:00] Minute 151/200: 28 req
→ 28/28 ok | pods=3 | p95=720.3 ms 
[2025-11-23T21:04:41+00:00] Minute 152/200: 35 req
→ 35/35 ok | pods=3 | p95=719.1 ms 
[2025-11-23T21:04:53+00:00] Minute 153/200: 33 req
→ 33/33 ok | pods=3 | p95=815.5 ms 
[2025-11-23T21:05:03+00:00] Minute 154/200: 50 req
→ 50/50 ok | pods=3 | p95=717.6 ms 
[2025-11-23T21:05:18+00:00] Minute 155/200: 50 req
→ 50/50 ok | pods=3 | p95=714.9 ms 
[2025-11-23T21:05:33+00:00] Minute 156/200: 50 req
→ 50/50 ok | pods=3 | p95=718.1 ms 
[2025-11-23T21:05:48+00:00] Minute 157/200: 29 req
→ 29/29 ok | pods=3 | p95=662.1 ms 
[2025-11-23T21:05:57+00:00] Minute 158/200: 1 req
→ 1/1 ok | pods=3 | p95=493.8 ms 
[2025-11-23T21:05:58+00:00] Minute 159/200: 11 req
→ 11/11 ok | pods=3 | p95=705.0 ms 
[2025-11-23T21:06:02+00:00] Minute 160/200: 50 req
→ 50/50 ok | pods=4 | p95=717.1 ms COLD
[2025-11-23T21:06:17+00:00] Minute 161/200: 12 req
→ 12/12 ok | pods=4 | p95=659.5 ms 
[2025-11-23T21:06:21+00:00] Minute 162/200: 40 req
→ 40/40 ok | pods=4 | p95=715.1 ms 
[2025-11-23T21:06:33+00:00] Minute 163/200: 16 req
→ 16/16 ok | pods=4 | p95=723.2 ms 
[2025-11-23T21:06:38+00:00] Minute 164/200: 39 req
→ 39/39 ok | pods=4 | p95=644.2 ms 
[2025-11-23T21:06:49+00:00] Minute 165/200: 26 req
→ 26/26 ok | pods=5 | p95=714.1 ms COLD
[2025-11-23T21:06:57+00:00] Minute 166/200: 0 req
[2025-11-23T21:06:57+00:00] Minute 167/200: 29 req
→ 29/29 ok | pods=5 | p95=636.2 ms 
[2025-11-23T21:07:06+00:00] Minute 168/200: 0 req
[2025-11-23T21:07:06+00:00] Minute 169/200: 50 req
→ 50/50 ok | pods=5 | p95=614.6 ms 
[2025-11-23T21:07:20+00:00] Minute 170/200: 37 req
→ 37/37 ok | pods=5 | p95=614.3 ms 
[2025-11-23T21:07:31+00:00] Minute 171/200: 8 req
→ 8/8 ok | pods=5 | p95=614.7 ms 
[2025-11-23T21:07:34+00:00] Minute 172/200: 50 req
→ 50/50 ok | pods=5 | p95=713.3 ms 
[2025-11-23T21:07:49+00:00] Minute 173/200: 50 req
→ 50/50 ok | pods=5 | p95=716.8 ms 
[2025-11-23T21:08:04+00:00] Minute 174/200: 50 req
→ 50/50 ok | pods=5 | p95=716.0 ms 
[2025-11-23T21:08:19+00:00] Minute 175/200: 50 req
→ 50/50 ok | pods=5 | p95=706.9 ms 
[2025-11-23T21:08:33+00:00] Minute 176/200: 16 req
→ 16/16 ok | pods=5 | p95=618.0 ms 
[2025-11-23T21:08:38+00:00] Minute 177/200: 50 req
→ 50/50 ok | pods=5 | p95=716.1 ms 
[2025-11-23T21:08:53+00:00] Minute 178/200: 46 req
→ 46/46 ok | pods=5 | p95=720.6 ms 
[2025-11-23T21:09:06+00:00] Minute 179/200: 50 req
→ 50/50 ok | pods=5 | p95=704.6 ms 
[2025-11-23T21:09:21+00:00] Minute 180/200: 50 req
→ 50/50 ok | pods=5 | p95=680.2 ms 
[2025-11-23T21:09:35+00:00] Minute 181/200: 42 req
→ 42/42 ok | pods=5 | p95=646.3 ms 
[2025-11-23T21:09:47+00:00] Minute 182/200: 45 req
→ 45/45 ok | pods=5 | p95=713.9 ms 
[2025-11-23T21:10:01+00:00] Minute 183/200: 2 req
→ 2/2 ok | pods=5 | p95=796.1 ms 
[2025-11-23T21:10:02+00:00] Minute 184/200: 47 req
→ 47/47 ok | pods=5 | p95=690.0 ms 
[2025-11-23T21:10:16+00:00] Minute 185/200: 19 req
→ 19/19 ok | pods=5 | p95=716.0 ms 
[2025-11-23T21:10:21+00:00] Minute 186/200: 50 req
→ 50/50 ok | pods=5 | p95=754.9 ms 
[2025-11-23T21:10:37+00:00] Minute 187/200: 18 req
→ 18/18 ok | pods=5 | p95=730.5 ms 
[2025-11-23T21:10:42+00:00] Minute 188/200: 50 req
→ 50/50 ok | pods=5 | p95=734.3 ms 
[2025-11-23T21:10:57+00:00] Minute 189/200: 21 req
→ 21/21 ok | pods=5 | p95=3294.7 ms 
[2025-11-23T21:11:10+00:00] Minute 190/200: 39 req
→ 39/39 ok | pods=5 | p95=1588.1 ms 
[2025-11-23T21:11:25+00:00] Minute 191/200: 50 req
→ 50/50 ok | pods=6 | p95=707.2 ms COLD
[2025-11-23T21:11:39+00:00] Minute 192/200: 50 req
→ 50/50 ok | pods=6 | p95=627.4 ms 
[2025-11-23T21:11:53+00:00] Minute 193/200: 50 req
→ 50/50 ok | pods=6 | p95=862.7 ms 
[2025-11-23T21:12:09+00:00] Minute 194/200: 39 req
→ 39/39 ok | pods=7 | p95=1218.4 ms COLD
[2025-11-23T21:12:28+00:00] Minute 195/200: 9 req
→ 9/9 ok | pods=7 | p95=1099.7 ms 
[2025-11-23T21:12:33+00:00] Minute 196/200: 0 req
[2025-11-23T21:12:33+00:00] Minute 197/200: 0 req
[2025-11-23T21:12:33+00:00] Minute 198/200: 0 req
[2025-11-23T21:12:33+00:00] Minute 199/200: 0 req
[2025-11-23T21:12:34+00:00] Minute 200/200: 0 req

 DONE
Saved results: traffic_results/func_235_hybrid_20251123_203800.csv
Total cold starts: 11
Mean p95 latency: 614.3 ms
