
 TRAFFIC RUN: func_235-prophet
URL: http://func-235-prophet.default.172.199.57.57.sslip.io
Replay minutes: 200
Speedup: 90x

[2025-11-23T10:58:53+00:00] Minute 1/200: 50 req
→ 50/50 ok | pods=2 | p95=198.1 ms COLD
[2025-11-23T10:59:00+00:00] Minute 2/200: 50 req
→ 50/50 ok | pods=2 | p95=124.7 ms 
[2025-11-23T10:59:07+00:00] Minute 3/200: 0 req
[2025-11-23T10:59:07+00:00] Minute 4/200: 50 req
→ 50/50 ok | pods=3 | p95=129.4 ms COLD
[2025-11-23T10:59:13+00:00] Minute 5/200: 50 req
→ 50/50 ok | pods=3 | p95=120.9 ms 
[2025-11-23T10:59:20+00:00] Minute 6/200: 50 req
→ 50/50 ok | pods=3 | p95=118.2 ms 
[2025-11-23T10:59:26+00:00] Minute 7/200: 2 req
→ 2/2 ok | pods=3 | p95=117.9 ms 
[2025-11-23T10:59:26+00:00] Minute 8/200: 22 req
→ 22/22 ok | pods=3 | p95=133.4 ms 
[2025-11-23T10:59:29+00:00] Minute 9/200: 50 req
→ 50/50 ok | pods=3 | p95=201.2 ms 
[2025-11-23T10:59:37+00:00] Minute 10/200: 13 req
→ 13/13 ok | pods=3 | p95=113.9 ms 
[2025-11-23T10:59:38+00:00] Minute 11/200: 0 req
[2025-11-23T10:59:38+00:00] Minute 12/200: 1 req
→ 1/1 ok | pods=3 | p95=106.7 ms 
[2025-11-23T10:59:39+00:00] Minute 13/200: 8 req
→ 8/8 ok | pods=3 | p95=118.0 ms 
[2025-11-23T10:59:40+00:00] Minute 14/200: 50 req
→ 50/50 ok | pods=3 | p95=151.6 ms 
[2025-11-23T10:59:47+00:00] Minute 15/200: 50 req
→ 50/50 ok | pods=3 | p95=115.8 ms 
[2025-11-23T10:59:53+00:00] Minute 16/200: 50 req
→ 50/50 ok | pods=2 | p95=209.2 ms 
[2025-11-23T11:00:00+00:00] Minute 17/200: 50 req
→ 50/50 ok | pods=2 | p95=116.0 ms 
[2025-11-23T11:00:06+00:00] Minute 18/200: 11 req
→ 11/11 ok | pods=2 | p95=111.3 ms 
[2025-11-23T11:00:07+00:00] Minute 19/200: 21 req
→ 21/21 ok | pods=2 | p95=111.1 ms 
[2025-11-23T11:00:10+00:00] Minute 20/200: 6 req
→ 6/6 ok | pods=2 | p95=117.4 ms 
[2025-11-23T11:00:11+00:00] Minute 21/200: 27 req
→ 27/27 ok | pods=2 | p95=234.3 ms 
[2025-11-23T11:00:16+00:00] Minute 22/200: 50 req
→ 50/50 ok | pods=2 | p95=124.1 ms 
[2025-11-23T11:00:21+00:00] Minute 23/200: 50 req
→ 50/50 ok | pods=2 | p95=124.9 ms 
[2025-11-23T11:00:28+00:00] Minute 24/200: 0 req
[2025-11-23T11:00:29+00:00] Minute 25/200: 34 req
→ 34/34 ok | pods=2 | p95=113.1 ms 
[2025-11-23T11:00:32+00:00] Minute 26/200: 47 req
→ 47/47 ok | pods=2 | p95=192.2 ms 
[2025-11-23T11:00:39+00:00] Minute 27/200: 24 req
→ 24/24 ok | pods=2 | p95=135.2 ms 
[2025-11-23T11:00:42+00:00] Minute 28/200: 50 req
→ 50/50 ok | pods=2 | p95=120.9 ms 
[2025-11-23T11:00:48+00:00] Minute 29/200: 50 req
→ 50/50 ok | pods=3 | p95=116.5 ms COLD
[2025-11-23T11:00:55+00:00] Minute 30/200: 50 req
→ 50/50 ok | pods=3 | p95=118.6 ms 
[2025-11-23T11:01:01+00:00] Minute 31/200: 49 req
→ 49/49 ok | pods=3 | p95=115.3 ms 
[2025-11-23T11:01:07+00:00] Minute 32/200: 50 req
→ 50/50 ok | pods=3 | p95=120.7 ms 
[2025-11-23T11:01:13+00:00] Minute 33/200: 50 req
→ 50/50 ok | pods=2 | p95=128.8 ms 
[2025-11-23T11:01:19+00:00] Minute 34/200: 0 req
[2025-11-23T11:01:19+00:00] Minute 35/200: 21 req
→ 21/21 ok | pods=2 | p95=312.3 ms 
[2025-11-23T11:01:23+00:00] Minute 36/200: 50 req
→ 50/50 ok | pods=2 | p95=123.3 ms 
[2025-11-23T11:01:29+00:00] Minute 37/200: 17 req
→ 17/17 ok | pods=2 | p95=116.5 ms 
[2025-11-23T11:01:31+00:00] Minute 38/200: 50 req
→ 50/50 ok | pods=2 | p95=123.2 ms 
[2025-11-23T11:01:37+00:00] Minute 39/200: 50 req
→ 50/50 ok | pods=2 | p95=150.7 ms 
[2025-11-23T11:01:43+00:00] Minute 40/200: 50 req
→ 50/50 ok | pods=2 | p95=116.5 ms 
[2025-11-23T11:01:49+00:00] Minute 41/200: 21 req
→ 21/21 ok | pods=2 | p95=114.8 ms 
[2025-11-23T11:01:51+00:00] Minute 42/200: 50 req
→ 50/50 ok | pods=2 | p95=116.7 ms 
[2025-11-23T11:01:57+00:00] Minute 43/200: 50 req
→ 50/50 ok | pods=2 | p95=118.0 ms 
[2025-11-23T11:02:03+00:00] Minute 44/200: 50 req
→ 50/50 ok | pods=1 | p95=115.2 ms 
[2025-11-23T11:02:09+00:00] Minute 45/200: 50 req
→ 49/50 ok | pods=1 | p95=184.8 ms 
[2025-11-23T11:02:20+00:00] Minute 46/200: 50 req
→ 50/50 ok | pods=1 | p95=203.7 ms 
[2025-11-23T11:02:27+00:00] Minute 47/200: 50 req
→ 50/50 ok | pods=1 | p95=122.7 ms 
[2025-11-23T11:02:33+00:00] Minute 48/200: 50 req
→ 50/50 ok | pods=1 | p95=115.3 ms 
[2025-11-23T11:02:39+00:00] Minute 49/200: 50 req
→ 50/50 ok | pods=1 | p95=117.5 ms 
[2025-11-23T11:02:45+00:00] Minute 50/200: 50 req
→ 50/50 ok | pods=1 | p95=117.7 ms 
[2025-11-23T11:02:51+00:00] Minute 51/200: 50 req
→ 50/50 ok | pods=1 | p95=121.3 ms 
[2025-11-23T11:02:57+00:00] Minute 52/200: 50 req
→ 50/50 ok | pods=1 | p95=130.8 ms 
[2025-11-23T11:03:03+00:00] Minute 53/200: 50 req
→ 50/50 ok | pods=1 | p95=117.8 ms 
[2025-11-23T11:03:09+00:00] Minute 54/200: 50 req
→ 50/50 ok | pods=1 | p95=126.2 ms 
[2025-11-23T11:03:14+00:00] Minute 55/200: 50 req
→ 49/50 ok | pods=1 | p95=121.4 ms 
[2025-11-23T11:03:25+00:00] Minute 56/200: 50 req
→ 50/50 ok | pods=1 | p95=199.4 ms 
[2025-11-23T11:03:32+00:00] Minute 57/200: 50 req
→ 50/50 ok | pods=1 | p95=120.0 ms 
[2025-11-23T11:03:38+00:00] Minute 58/200: 50 req
→ 50/50 ok | pods=1 | p95=119.6 ms 
[2025-11-23T11:03:44+00:00] Minute 59/200: 50 req
→ 50/50 ok | pods=1 | p95=114.2 ms 
[2025-11-23T11:03:50+00:00] Minute 60/200: 50 req
→ 50/50 ok | pods=1 | p95=121.0 ms 
[2025-11-23T11:03:55+00:00] Minute 61/200: 50 req
→ 50/50 ok | pods=1 | p95=116.7 ms 
[2025-11-23T11:04:01+00:00] Minute 62/200: 50 req
→ 50/50 ok | pods=1 | p95=120.5 ms 
[2025-11-23T11:04:07+00:00] Minute 63/200: 50 req
→ 50/50 ok | pods=1 | p95=116.9 ms 
[2025-11-23T11:04:13+00:00] Minute 64/200: 50 req
→ 50/50 ok | pods=1 | p95=115.7 ms 
[2025-11-23T11:04:19+00:00] Minute 65/200: 50 req
→ 50/50 ok | pods=1 | p95=118.1 ms 
[2025-11-23T11:04:24+00:00] Minute 66/200: 50 req
→ 49/50 ok | pods=1 | p95=189.0 ms 
[2025-11-23T11:04:36+00:00] Minute 67/200: 50 req
→ 49/50 ok | pods=1 | p95=206.8 ms 
[2025-11-23T11:04:48+00:00] Minute 68/200: 50 req
→ 50/50 ok | pods=1 | p95=117.8 ms 
[2025-11-23T11:04:53+00:00] Minute 69/200: 50 req
→ 50/50 ok | pods=1 | p95=120.4 ms 
[2025-11-23T11:04:59+00:00] Minute 70/200: 50 req
→ 50/50 ok | pods=1 | p95=118.6 ms 
[2025-11-23T11:05:05+00:00] Minute 71/200: 50 req
→ 50/50 ok | pods=1 | p95=117.8 ms 
[2025-11-23T11:05:11+00:00] Minute 72/200: 50 req
→ 50/50 ok | pods=1 | p95=118.3 ms 
[2025-11-23T11:05:17+00:00] Minute 73/200: 50 req
→ 50/50 ok | pods=1 | p95=125.6 ms 
[2025-11-23T11:05:23+00:00] Minute 74/200: 50 req
→ 50/50 ok | pods=1 | p95=118.3 ms 
[2025-11-23T11:05:29+00:00] Minute 75/200: 50 req
→ 50/50 ok | pods=1 | p95=116.4 ms 
[2025-11-23T11:05:34+00:00] Minute 76/200: 50 req
→ 50/50 ok | pods=1 | p95=115.2 ms 
[2025-11-23T11:05:40+00:00] Minute 77/200: 50 req
→ 50/50 ok | pods=1 | p95=119.8 ms 
[2025-11-23T11:05:46+00:00] Minute 78/200: 50 req
→ 50/50 ok | pods=1 | p95=116.8 ms 
[2025-11-23T11:05:52+00:00] Minute 79/200: 50 req
→ 50/50 ok | pods=1 | p95=122.3 ms 
[2025-11-23T11:05:58+00:00] Minute 80/200: 50 req
→ 50/50 ok | pods=1 | p95=116.7 ms 
[2025-11-23T11:06:04+00:00] Minute 81/200: 50 req
→ 50/50 ok | pods=1 | p95=118.6 ms 
[2025-11-23T11:06:09+00:00] Minute 82/200: 50 req
→ 50/50 ok | pods=1 | p95=115.2 ms 
[2025-11-23T11:06:15+00:00] Minute 83/200: 50 req
→ 50/50 ok | pods=1 | p95=126.4 ms 
[2025-11-23T11:06:21+00:00] Minute 84/200: 50 req
→ 50/50 ok | pods=1 | p95=124.5 ms 
[2025-11-23T11:06:27+00:00] Minute 85/200: 26 req
→ 26/26 ok | pods=1 | p95=118.9 ms 
[2025-11-23T11:06:30+00:00] Minute 86/200: 50 req
→ 48/50 ok | pods=2 | p95=190.0 ms COLD
[2025-11-23T11:06:46+00:00] Minute 87/200: 0 req
[2025-11-23T11:06:47+00:00] Minute 88/200: 50 req
→ 50/50 ok | pods=2 | p95=178.3 ms 
[2025-11-23T11:06:53+00:00] Minute 89/200: 25 req
→ 25/25 ok | pods=2 | p95=118.3 ms 
[2025-11-23T11:06:56+00:00] Minute 90/200: 50 req
→ 50/50 ok | pods=2 | p95=119.5 ms 
[2025-11-23T11:07:02+00:00] Minute 91/200: 50 req
→ 50/50 ok | pods=2 | p95=114.2 ms 
[2025-11-23T11:07:08+00:00] Minute 92/200: 1 req
→ 1/1 ok | pods=2 | p95=108.6 ms 
[2025-11-23T11:07:08+00:00] Minute 93/200: 50 req
→ 50/50 ok | pods=2 | p95=120.5 ms 
[2025-11-23T11:07:14+00:00] Minute 94/200: 50 req
→ 50/50 ok | pods=2 | p95=115.6 ms 
[2025-11-23T11:07:20+00:00] Minute 95/200: 50 req
→ 50/50 ok | pods=2 | p95=119.9 ms 
[2025-11-23T11:07:26+00:00] Minute 96/200: 50 req
→ 50/50 ok | pods=2 | p95=123.6 ms 
[2025-11-23T11:07:31+00:00] Minute 97/200: 35 req
→ 35/35 ok | pods=2 | p95=114.8 ms 
[2025-11-23T11:07:36+00:00] Minute 98/200: 34 req
→ 34/34 ok | pods=2 | p95=114.6 ms 
[2025-11-23T11:07:40+00:00] Minute 99/200: 50 req
→ 50/50 ok | pods=2 | p95=116.3 ms 
[2025-11-23T11:07:46+00:00] Minute 100/200: 50 req
→ 50/50 ok | pods=1 | p95=118.4 ms 
[2025-11-23T11:07:52+00:00] Minute 101/200: 7 req
→ 7/7 ok | pods=1 | p95=119.4 ms 
[2025-11-23T11:07:53+00:00] Minute 102/200: 0 req
[2025-11-23T11:07:53+00:00] Minute 103/200: 0 req
[2025-11-23T11:07:53+00:00] Minute 104/200: 0 req
[2025-11-23T11:07:53+00:00] Minute 105/200: 0 req
[2025-11-23T11:07:53+00:00] Minute 106/200: 0 req
[2025-11-23T11:07:53+00:00] Minute 107/200: 0 req
[2025-11-23T11:07:53+00:00] Minute 108/200: 0 req
[2025-11-23T11:07:53+00:00] Minute 109/200: 0 req
[2025-11-23T11:07:53+00:00] Minute 110/200: 0 req
[2025-11-23T11:07:54+00:00] Minute 111/200: 0 req
[2025-11-23T11:07:54+00:00] Minute 112/200: 28 req
→ 28/28 ok | pods=1 | p95=121.1 ms 
[2025-11-23T11:07:57+00:00] Minute 113/200: 50 req
→ 50/50 ok | pods=1 | p95=126.5 ms 
[2025-11-23T11:08:03+00:00] Minute 114/200: 50 req
→ 50/50 ok | pods=1 | p95=119.3 ms 
[2025-11-23T11:08:09+00:00] Minute 115/200: 50 req
→ 50/50 ok | pods=1 | p95=117.5 ms 
[2025-11-23T11:08:14+00:00] Minute 116/200: 50 req
→ 50/50 ok | pods=1 | p95=122.6 ms 
[2025-11-23T11:08:20+00:00] Minute 117/200: 50 req
→ 50/50 ok | pods=1 | p95=117.9 ms 
[2025-11-23T11:08:27+00:00] Minute 118/200: 39 req
→ 39/39 ok | pods=1 | p95=128.8 ms 
[2025-11-23T11:08:32+00:00] Minute 119/200: 43 req
→ 43/43 ok | pods=1 | p95=115.5 ms 
[2025-11-23T11:08:37+00:00] Minute 120/200: 50 req
→ 50/50 ok | pods=1 | p95=118.2 ms 
[2025-11-23T11:08:43+00:00] Minute 121/200: 26 req
→ 25/26 ok | pods=1 | p95=206.1 ms 
[2025-11-23T11:08:51+00:00] Minute 122/200: 36 req
→ 36/36 ok | pods=1 | p95=194.8 ms 
[2025-11-23T11:08:56+00:00] Minute 123/200: 0 req
[2025-11-23T11:08:56+00:00] Minute 124/200: 0 req
[2025-11-23T11:08:57+00:00] Minute 125/200: 0 req
[2025-11-23T11:08:57+00:00] Minute 126/200: 0 req
[2025-11-23T11:08:57+00:00] Minute 127/200: 0 req
[2025-11-23T11:08:57+00:00] Minute 128/200: 0 req
[2025-11-23T11:08:57+00:00] Minute 129/200: 0 req
[2025-11-23T11:08:57+00:00] Minute 130/200: 0 req
[2025-11-23T11:08:57+00:00] Minute 131/200: 0 req
[2025-11-23T11:08:57+00:00] Minute 132/200: 0 req
[2025-11-23T11:08:57+00:00] Minute 133/200: 0 req
[2025-11-23T11:08:57+00:00] Minute 134/200: 0 req
[2025-11-23T11:08:57+00:00] Minute 135/200: 0 req
[2025-11-23T11:08:58+00:00] Minute 136/200: 0 req
[2025-11-23T11:08:58+00:00] Minute 137/200: 0 req
[2025-11-23T11:08:58+00:00] Minute 138/200: 44 req
→ 44/44 ok | pods=1 | p95=118.6 ms 
[2025-11-23T11:09:03+00:00] Minute 139/200: 25 req
→ 25/25 ok | pods=1 | p95=116.3 ms 
[2025-11-23T11:09:06+00:00] Minute 140/200: 50 req
→ 50/50 ok | pods=1 | p95=113.1 ms 
[2025-11-23T11:09:11+00:00] Minute 141/200: 50 req
→ 50/50 ok | pods=1 | p95=114.1 ms 
[2025-11-23T11:09:17+00:00] Minute 142/200: 50 req
→ 50/50 ok | pods=1 | p95=121.6 ms 
[2025-11-23T11:09:23+00:00] Minute 143/200: 50 req
→ 50/50 ok | pods=1 | p95=118.5 ms 
[2025-11-23T11:09:29+00:00] Minute 144/200: 42 req
→ 42/42 ok | pods=1 | p95=114.4 ms 
[2025-11-23T11:09:34+00:00] Minute 145/200: 50 req
→ 50/50 ok | pods=1 | p95=115.8 ms 
[2025-11-23T11:09:40+00:00] Minute 146/200: 50 req
→ 50/50 ok | pods=1 | p95=116.3 ms 
[2025-11-23T11:09:45+00:00] Minute 147/200: 16 req
→ 16/16 ok | pods=1 | p95=114.1 ms 
[2025-11-23T11:09:47+00:00] Minute 148/200: 50 req
→ 50/50 ok | pods=1 | p95=115.0 ms 
[2025-11-23T11:09:53+00:00] Minute 149/200: 50 req
→ 50/50 ok | pods=1 | p95=116.1 ms 
[2025-11-23T11:09:59+00:00] Minute 150/200: 50 req
→ 50/50 ok | pods=1 | p95=126.8 ms 
[2025-11-23T11:10:05+00:00] Minute 151/200: 28 req
→ 28/28 ok | pods=1 | p95=117.4 ms 
[2025-11-23T11:10:08+00:00] Minute 152/200: 35 req
→ 35/35 ok | pods=1 | p95=116.7 ms 
[2025-11-23T11:10:12+00:00] Minute 153/200: 33 req
→ 33/33 ok | pods=1 | p95=119.8 ms 
[2025-11-23T11:10:16+00:00] Minute 154/200: 50 req
→ 50/50 ok | pods=1 | p95=114.6 ms 
[2025-11-23T11:10:22+00:00] Minute 155/200: 50 req
→ 50/50 ok | pods=1 | p95=116.2 ms 
[2025-11-23T11:10:27+00:00] Minute 156/200: 50 req
→ 50/50 ok | pods=1 | p95=117.9 ms 
[2025-11-23T11:10:33+00:00] Minute 157/200: 29 req
→ 29/29 ok | pods=1 | p95=117.4 ms 
[2025-11-23T11:10:37+00:00] Minute 158/200: 1 req
→ 1/1 ok | pods=1 | p95=109.6 ms 
[2025-11-23T11:10:37+00:00] Minute 159/200: 11 req
→ 11/11 ok | pods=1 | p95=128.2 ms 
[2025-11-23T11:10:38+00:00] Minute 160/200: 50 req
→ 50/50 ok | pods=1 | p95=121.7 ms 
[2025-11-23T11:10:44+00:00] Minute 161/200: 12 req
→ 12/12 ok | pods=1 | p95=113.6 ms 
[2025-11-23T11:10:46+00:00] Minute 162/200: 40 req
→ 38/40 ok | pods=1 | p95=199.4 ms 
[2025-11-23T11:11:01+00:00] Minute 163/200: 16 req
→ 16/16 ok | pods=1 | p95=216.1 ms 
[2025-11-23T11:11:04+00:00] Minute 164/200: 39 req
→ 39/39 ok | pods=1 | p95=113.4 ms 
[2025-11-23T11:11:08+00:00] Minute 165/200: 26 req
→ 26/26 ok | pods=1 | p95=115.4 ms 
[2025-11-23T11:11:11+00:00] Minute 166/200: 0 req
[2025-11-23T11:11:11+00:00] Minute 167/200: 29 req
→ 29/29 ok | pods=1 | p95=115.0 ms 
[2025-11-23T11:11:15+00:00] Minute 168/200: 0 req
[2025-11-23T11:11:15+00:00] Minute 169/200: 50 req
→ 50/50 ok | pods=1 | p95=123.2 ms 
[2025-11-23T11:11:21+00:00] Minute 170/200: 37 req
→ 37/37 ok | pods=1 | p95=120.3 ms 
[2025-11-23T11:11:25+00:00] Minute 171/200: 8 req
→ 8/8 ok | pods=1 | p95=127.3 ms 
[2025-11-23T11:11:26+00:00] Minute 172/200: 50 req
→ 50/50 ok | pods=1 | p95=119.8 ms 
[2025-11-23T11:11:32+00:00] Minute 173/200: 50 req
→ 50/50 ok | pods=1 | p95=118.3 ms 
[2025-11-23T11:11:38+00:00] Minute 174/200: 50 req
→ 50/50 ok | pods=1 | p95=117.1 ms 
[2025-11-23T11:11:44+00:00] Minute 175/200: 50 req
→ 50/50 ok | pods=1 | p95=114.6 ms 
[2025-11-23T11:11:49+00:00] Minute 176/200: 16 req
→ 16/16 ok | pods=1 | p95=119.6 ms 
[2025-11-23T11:11:51+00:00] Minute 177/200: 50 req
→ 50/50 ok | pods=1 | p95=118.1 ms 
[2025-11-23T11:11:57+00:00] Minute 178/200: 46 req
→ 46/46 ok | pods=1 | p95=122.5 ms 
[2025-11-23T11:12:03+00:00] Minute 179/200: 50 req
→ 50/50 ok | pods=1 | p95=112.5 ms 
[2025-11-23T11:12:08+00:00] Minute 180/200: 50 req
→ 50/50 ok | pods=1 | p95=117.0 ms 
[2025-11-23T11:12:14+00:00] Minute 181/200: 42 req
→ 42/42 ok | pods=1 | p95=114.2 ms 
[2025-11-23T11:12:19+00:00] Minute 182/200: 45 req
→ 45/45 ok | pods=1 | p95=116.5 ms 
[2025-11-23T11:12:24+00:00] Minute 183/200: 2 req
→ 2/2 ok | pods=1 | p95=119.9 ms 
[2025-11-23T11:12:25+00:00] Minute 184/200: 47 req
→ 47/47 ok | pods=1 | p95=123.5 ms 
[2025-11-23T11:12:30+00:00] Minute 185/200: 19 req
→ 19/19 ok | pods=1 | p95=120.3 ms 
[2025-11-23T11:12:32+00:00] Minute 186/200: 50 req
→ 50/50 ok | pods=1 | p95=116.2 ms 
[2025-11-23T11:12:38+00:00] Minute 187/200: 18 req
→ 18/18 ok | pods=1 | p95=114.8 ms 
[2025-11-23T11:12:40+00:00] Minute 188/200: 50 req
→ 50/50 ok | pods=1 | p95=117.0 ms 
[2025-11-23T11:12:46+00:00] Minute 189/200: 21 req
→ 21/21 ok | pods=1 | p95=117.3 ms 
[2025-11-23T11:12:49+00:00] Minute 190/200: 39 req
→ 37/39 ok | pods=1 | p95=203.4 ms 
[2025-11-23T11:13:04+00:00] Minute 191/200: 50 req
→ 50/50 ok | pods=1 | p95=114.6 ms 
[2025-11-23T11:13:10+00:00] Minute 192/200: 50 req
→ 50/50 ok | pods=1 | p95=113.8 ms 
[2025-11-23T11:13:16+00:00] Minute 193/200: 50 req
→ 50/50 ok | pods=1 | p95=116.5 ms 
[2025-11-23T11:13:22+00:00] Minute 194/200: 39 req
→ 39/39 ok | pods=1 | p95=116.8 ms 
[2025-11-23T11:13:26+00:00] Minute 195/200: 9 req
→ 9/9 ok | pods=1 | p95=113.7 ms 
[2025-11-23T11:13:27+00:00] Minute 196/200: 0 req
[2025-11-23T11:13:27+00:00] Minute 197/200: 0 req
[2025-11-23T11:13:28+00:00] Minute 198/200: 0 req
[2025-11-23T11:13:28+00:00] Minute 199/200: 0 req
[2025-11-23T11:13:28+00:00] Minute 200/200: 0 req

 DONE
Saved results: traffic_results/func_235_prophet_20251123_105853.csv
Total cold starts: 4
Mean p95 latency: 104.9 ms
