======================================================================
TRAFFIC RUN: func_235-reactive
Target URL: http://func-235-reactive.default.172.199.57.57.sslip.io
======================================================================
[2025-11-13T00:51:24+00:00] Minute 1/15: 10 req
→ 8/10 ok | pods=3 | avg=176.4ms | p95=580.3ms cold
[2025-11-13T00:51:44+00:00] Minute 2/15: 50 req
→ 50/50 ok | pods=3 | avg=83.3ms | p95=100.5ms 
[2025-11-13T00:51:55+00:00] Minute 3/15: 100 req
→ 50/50 ok | pods=3 | avg=102.9ms | p95=93.2ms 
[2025-11-13T00:52:07+00:00] Minute 4/15: 500 req
→ 50/50 ok | pods=3 | avg=82.5ms | p95=92.0ms 
[2025-11-13T00:52:18+00:00] Minute 5/15: 700 req
→ 50/50 ok | pods=2 | avg=105.9ms | p95=127.4ms 
[2025-11-13T00:52:30+00:00] Minute 6/15: 900 req
→ 50/50 ok | pods=2 | avg=80.2ms | p95=87.3ms 
[2025-11-13T00:52:42+00:00] Minute 7/15: 0 req
[2025-11-13T00:52:48+00:00] Minute 8/15: 0 req
[2025-11-13T00:52:54+00:00] Minute 9/15: 0 req
[2025-11-13T00:53:00+00:00] Minute 10/15: 600 req
→ 48/50 ok | pods=3 | avg=130.6ms | p95=104.1ms cold
[2025-11-13T00:53:23+00:00] Minute 11/15: 900 req
→ 50/50 ok | pods=1 | avg=81.4ms | p95=89.8ms 
[2025-11-13T00:53:34+00:00] Minute 12/15: 0 req
[2025-11-13T00:53:40+00:00] Minute 13/15: 0 req
[2025-11-13T00:53:46+00:00] Minute 14/15: 800 req
→ 50/50 ok | pods=2 | avg=82.1ms | p95=92.0ms cold
[2025-11-13T00:53:57+00:00] Minute 15/15: 900 req
→ 50/50 ok | pods=2 | avg=81.7ms | p95=89.1ms 

======================================================================
Run complete. Detailed metrics saved to traffic_results/func_235_reactive_20251113_005124.csv
Mean success: 97.6%
Avg p95 latency: 145.6 ms
Cold starts detected: 3
======================================================================
