
 TRAFFIC RUN: func_126-hybrid
URL: http://func-126-hybrid.default.172.199.57.57.sslip.io
Replay minutes: 200
Speedup: 90x

[2025-11-27T11:46:15+00:00] Minute 1/200: 2 req
→ 2/2 ok | pods=4 | p95=1119.7 ms COLD
[2025-11-27T11:46:17+00:00] Minute 2/200: 2 req
→ 2/2 ok | pods=4 | p95=1006.3 ms 
[2025-11-27T11:46:18+00:00] Minute 3/200: 3 req
→ 3/3 ok | pods=4 | p95=1014.7 ms 
[2025-11-27T11:46:20+00:00] Minute 4/200: 0 req
[2025-11-27T11:46:20+00:00] Minute 5/200: 2 req
→ 2/2 ok | pods=4 | p95=1209.9 ms 
[2025-11-27T11:46:22+00:00] Minute 6/200: 4 req
→ 4/4 ok | pods=4 | p95=1243.7 ms 
[2025-11-27T11:46:24+00:00] Minute 7/200: 9 req
→ 9/9 ok | pods=5 | p95=1164.8 ms COLD
[2025-11-27T11:46:29+00:00] Minute 8/200: 8 req
→ 8/8 ok | pods=5 | p95=1064.6 ms 
[2025-11-27T11:46:33+00:00] Minute 9/200: 6 req
→ 6/6 ok | pods=5 | p95=1033.4 ms 
[2025-11-27T11:46:36+00:00] Minute 10/200: 2 req
→ 2/2 ok | pods=5 | p95=1092.4 ms 
[2025-11-27T11:46:38+00:00] Minute 11/200: 5 req
→ 5/5 ok | pods=5 | p95=1328.9 ms 
[2025-11-27T11:46:41+00:00] Minute 12/200: 8 req
→ 8/8 ok | pods=5 | p95=1623.0 ms 
[2025-11-27T11:46:46+00:00] Minute 13/200: 9 req
→ 9/9 ok | pods=3 | p95=1379.7 ms 
[2025-11-27T11:46:52+00:00] Minute 14/200: 14 req
→ 14/14 ok | pods=3 | p95=1459.2 ms 
[2025-11-27T11:46:59+00:00] Minute 15/200: 4 req
→ 4/4 ok | pods=3 | p95=1171.6 ms 
[2025-11-27T11:47:01+00:00] Minute 16/200: 7 req
→ 7/7 ok | pods=3 | p95=1385.5 ms 
[2025-11-27T11:47:04+00:00] Minute 17/200: 6 req
→ 6/6 ok | pods=3 | p95=653.4 ms 
[2025-11-27T11:47:06+00:00] Minute 18/200: 13 req
→ 13/13 ok | pods=3 | p95=805.0 ms 
[2025-11-27T11:47:11+00:00] Minute 19/200: 1 req
→ 1/1 ok | pods=3 | p95=603.9 ms 
[2025-11-27T11:47:12+00:00] Minute 20/200: 8 req
→ 8/8 ok | pods=3 | p95=699.1 ms 
[2025-11-27T11:47:15+00:00] Minute 21/200: 3 req
→ 3/3 ok | pods=3 | p95=654.0 ms 
[2025-11-27T11:47:16+00:00] Minute 22/200: 7 req
→ 7/7 ok | pods=3 | p95=675.9 ms 
[2025-11-27T11:47:19+00:00] Minute 23/200: 5 req
→ 5/5 ok | pods=3 | p95=594.3 ms 
[2025-11-27T11:47:20+00:00] Minute 24/200: 7 req
→ 7/7 ok | pods=3 | p95=657.6 ms 
[2025-11-27T11:47:23+00:00] Minute 25/200: 8 req
→ 8/8 ok | pods=3 | p95=737.8 ms 
[2025-11-27T11:47:26+00:00] Minute 26/200: 6 req
→ 6/6 ok | pods=3 | p95=627.3 ms 
[2025-11-27T11:47:28+00:00] Minute 27/200: 5 req
→ 5/5 ok | pods=3 | p95=678.8 ms 
[2025-11-27T11:47:30+00:00] Minute 28/200: 4 req
→ 4/4 ok | pods=3 | p95=746.5 ms 
[2025-11-27T11:47:31+00:00] Minute 29/200: 1 req
→ 1/1 ok | pods=3 | p95=612.8 ms 
[2025-11-27T11:47:32+00:00] Minute 30/200: 4 req
→ 4/4 ok | pods=3 | p95=625.7 ms 
[2025-11-27T11:47:33+00:00] Minute 31/200: 2 req
→ 2/2 ok | pods=3 | p95=627.6 ms 
[2025-11-27T11:47:34+00:00] Minute 32/200: 6 req
→ 6/6 ok | pods=3 | p95=826.8 ms 
[2025-11-27T11:47:36+00:00] Minute 33/200: 6 req
→ 6/6 ok | pods=3 | p95=668.0 ms 
[2025-11-27T11:47:38+00:00] Minute 34/200: 6 req
→ 6/6 ok | pods=3 | p95=1012.4 ms 
[2025-11-27T11:47:41+00:00] Minute 35/200: 4 req
→ 4/4 ok | pods=3 | p95=1545.9 ms 
[2025-11-27T11:47:43+00:00] Minute 36/200: 7 req
→ 7/7 ok | pods=3 | p95=700.0 ms 
[2025-11-27T11:47:46+00:00] Minute 37/200: 4 req
→ 4/4 ok | pods=3 | p95=819.1 ms 
[2025-11-27T11:47:48+00:00] Minute 38/200: 2 req
→ 2/2 ok | pods=3 | p95=593.4 ms 
[2025-11-27T11:47:49+00:00] Minute 39/200: 4 req
→ 4/4 ok | pods=3 | p95=669.8 ms 
[2025-11-27T11:47:50+00:00] Minute 40/200: 6 req
→ 6/6 ok | pods=3 | p95=715.6 ms 
[2025-11-27T11:47:52+00:00] Minute 41/200: 4 req
→ 4/4 ok | pods=3 | p95=647.2 ms 
[2025-11-27T11:47:53+00:00] Minute 42/200: 2 req
→ 2/2 ok | pods=3 | p95=631.8 ms 
[2025-11-27T11:47:54+00:00] Minute 43/200: 3 req
→ 3/3 ok | pods=3 | p95=696.8 ms 
[2025-11-27T11:47:56+00:00] Minute 44/200: 6 req
→ 6/6 ok | pods=3 | p95=668.0 ms 
[2025-11-27T11:47:58+00:00] Minute 45/200: 4 req
→ 4/4 ok | pods=3 | p95=859.9 ms 
[2025-11-27T11:47:59+00:00] Minute 46/200: 3 req
→ 3/3 ok | pods=3 | p95=695.6 ms 
[2025-11-27T11:48:01+00:00] Minute 47/200: 3 req
→ 3/3 ok | pods=3 | p95=670.4 ms 
[2025-11-27T11:48:02+00:00] Minute 48/200: 3 req
→ 3/3 ok | pods=3 | p95=1653.3 ms 
[2025-11-27T11:48:05+00:00] Minute 49/200: 4 req
→ 4/4 ok | pods=3 | p95=654.7 ms 
[2025-11-27T11:48:06+00:00] Minute 50/200: 2 req
→ 2/2 ok | pods=3 | p95=731.8 ms 
[2025-11-27T11:48:07+00:00] Minute 51/200: 1 req
→ 1/1 ok | pods=3 | p95=623.3 ms 
[2025-11-27T11:48:08+00:00] Minute 52/200: 6 req
→ 6/6 ok | pods=3 | p95=684.0 ms 
[2025-11-27T11:48:10+00:00] Minute 53/200: 7 req
→ 7/7 ok | pods=3 | p95=911.5 ms 
[2025-11-27T11:48:13+00:00] Minute 54/200: 8 req
→ 8/8 ok | pods=3 | p95=676.9 ms 
[2025-11-27T11:48:15+00:00] Minute 55/200: 10 req
→ 10/10 ok | pods=3 | p95=682.6 ms 
[2025-11-27T11:48:19+00:00] Minute 56/200: 13 req
→ 13/13 ok | pods=3 | p95=858.3 ms 
[2025-11-27T11:48:23+00:00] Minute 57/200: 9 req
→ 9/9 ok | pods=3 | p95=677.4 ms 
[2025-11-27T11:48:27+00:00] Minute 58/200: 3 req
→ 3/3 ok | pods=3 | p95=610.5 ms 
[2025-11-27T11:48:28+00:00] Minute 59/200: 5 req
→ 5/5 ok | pods=3 | p95=708.9 ms 
[2025-11-27T11:48:30+00:00] Minute 60/200: 4 req
→ 4/4 ok | pods=3 | p95=1614.2 ms 
[2025-11-27T11:48:33+00:00] Minute 61/200: 6 req
→ 6/6 ok | pods=3 | p95=677.0 ms 
[2025-11-27T11:48:35+00:00] Minute 62/200: 3 req
→ 3/3 ok | pods=3 | p95=619.9 ms 
[2025-11-27T11:48:36+00:00] Minute 63/200: 1 req
→ 1/1 ok | pods=3 | p95=684.9 ms 
[2025-11-27T11:48:37+00:00] Minute 64/200: 4 req
→ 4/4 ok | pods=3 | p95=711.0 ms 
[2025-11-27T11:48:39+00:00] Minute 65/200: 4 req
→ 4/4 ok | pods=3 | p95=627.2 ms 
[2025-11-27T11:48:40+00:00] Minute 66/200: 2 req
→ 2/2 ok | pods=3 | p95=955.8 ms 
[2025-11-27T11:48:41+00:00] Minute 67/200: 6 req
→ 6/6 ok | pods=3 | p95=671.1 ms 
[2025-11-27T11:48:43+00:00] Minute 68/200: 6 req
→ 6/6 ok | pods=3 | p95=695.4 ms 
[2025-11-27T11:48:45+00:00] Minute 69/200: 8 req
→ 8/8 ok | pods=3 | p95=1548.4 ms 
[2025-11-27T11:48:49+00:00] Minute 70/200: 4 req
→ 4/4 ok | pods=3 | p95=630.4 ms 
[2025-11-27T11:48:50+00:00] Minute 71/200: 3 req
→ 3/3 ok | pods=3 | p95=692.2 ms 
[2025-11-27T11:48:52+00:00] Minute 72/200: 1 req
→ 1/1 ok | pods=3 | p95=568.3 ms 
[2025-11-27T11:48:53+00:00] Minute 73/200: 2 req
→ 2/2 ok | pods=3 | p95=558.1 ms 
[2025-11-27T11:48:53+00:00] Minute 74/200: 0 req
[2025-11-27T11:48:54+00:00] Minute 75/200: 0 req
[2025-11-27T11:48:54+00:00] Minute 76/200: 2 req
→ 2/2 ok | pods=3 | p95=578.4 ms 
[2025-11-27T11:48:54+00:00] Minute 77/200: 0 req
[2025-11-27T11:48:54+00:00] Minute 78/200: 0 req
[2025-11-27T11:48:55+00:00] Minute 79/200: 3 req
→ 3/3 ok | pods=3 | p95=654.5 ms 
[2025-11-27T11:48:56+00:00] Minute 80/200: 2 req
→ 2/2 ok | pods=3 | p95=606.7 ms 
[2025-11-27T11:48:57+00:00] Minute 81/200: 2 req
→ 2/2 ok | pods=3 | p95=653.7 ms 
[2025-11-27T11:48:58+00:00] Minute 82/200: 3 req
→ 3/3 ok | pods=3 | p95=947.5 ms 
[2025-11-27T11:48:59+00:00] Minute 83/200: 0 req
[2025-11-27T11:49:00+00:00] Minute 84/200: 0 req
[2025-11-27T11:49:00+00:00] Minute 85/200: 0 req
[2025-11-27T11:49:00+00:00] Minute 86/200: 0 req
[2025-11-27T11:49:00+00:00] Minute 87/200: 0 req
[2025-11-27T11:49:00+00:00] Minute 88/200: 0 req
[2025-11-27T11:49:00+00:00] Minute 89/200: 0 req
[2025-11-27T11:49:00+00:00] Minute 90/200: 0 req
[2025-11-27T11:49:00+00:00] Minute 91/200: 0 req
[2025-11-27T11:49:00+00:00] Minute 92/200: 0 req
[2025-11-27T11:49:00+00:00] Minute 93/200: 0 req
[2025-11-27T11:49:01+00:00] Minute 94/200: 0 req
[2025-11-27T11:49:01+00:00] Minute 95/200: 0 req
[2025-11-27T11:49:01+00:00] Minute 96/200: 0 req
[2025-11-27T11:49:01+00:00] Minute 97/200: 0 req
[2025-11-27T11:49:01+00:00] Minute 98/200: 0 req
[2025-11-27T11:49:01+00:00] Minute 99/200: 0 req
[2025-11-27T11:49:01+00:00] Minute 100/200: 0 req
[2025-11-27T11:49:01+00:00] Minute 101/200: 0 req
[2025-11-27T11:49:01+00:00] Minute 102/200: 0 req
[2025-11-27T11:49:01+00:00] Minute 103/200: 0 req
[2025-11-27T11:49:02+00:00] Minute 104/200: 0 req
[2025-11-27T11:49:02+00:00] Minute 105/200: 0 req
[2025-11-27T11:49:02+00:00] Minute 106/200: 0 req
[2025-11-27T11:49:03+00:00] Minute 107/200: 0 req
[2025-11-27T11:49:03+00:00] Minute 108/200: 0 req
[2025-11-27T11:49:03+00:00] Minute 109/200: 0 req
[2025-11-27T11:49:03+00:00] Minute 110/200: 0 req
[2025-11-27T11:49:03+00:00] Minute 111/200: 0 req
[2025-11-27T11:49:03+00:00] Minute 112/200: 0 req
[2025-11-27T11:49:03+00:00] Minute 113/200: 0 req
[2025-11-27T11:49:03+00:00] Minute 114/200: 0 req
[2025-11-27T11:49:04+00:00] Minute 115/200: 0 req
[2025-11-27T11:49:04+00:00] Minute 116/200: 0 req
[2025-11-27T11:49:04+00:00] Minute 117/200: 0 req
[2025-11-27T11:49:04+00:00] Minute 118/200: 0 req
[2025-11-27T11:49:04+00:00] Minute 119/200: 0 req
[2025-11-27T11:49:04+00:00] Minute 120/200: 0 req
[2025-11-27T11:49:04+00:00] Minute 121/200: 0 req
[2025-11-27T11:49:04+00:00] Minute 122/200: 0 req
[2025-11-27T11:49:04+00:00] Minute 123/200: 0 req
[2025-11-27T11:49:05+00:00] Minute 124/200: 0 req
[2025-11-27T11:49:05+00:00] Minute 125/200: 0 req
[2025-11-27T11:49:05+00:00] Minute 126/200: 0 req
[2025-11-27T11:49:05+00:00] Minute 127/200: 0 req
[2025-11-27T11:49:05+00:00] Minute 128/200: 0 req
[2025-11-27T11:49:05+00:00] Minute 129/200: 0 req
[2025-11-27T11:49:05+00:00] Minute 130/200: 0 req
[2025-11-27T11:49:05+00:00] Minute 131/200: 0 req
[2025-11-27T11:49:05+00:00] Minute 132/200: 0 req
[2025-11-27T11:49:05+00:00] Minute 133/200: 0 req
[2025-11-27T11:49:06+00:00] Minute 134/200: 0 req
[2025-11-27T11:49:06+00:00] Minute 135/200: 0 req
[2025-11-27T11:49:06+00:00] Minute 136/200: 0 req
[2025-11-27T11:49:06+00:00] Minute 137/200: 0 req
[2025-11-27T11:49:06+00:00] Minute 138/200: 0 req
[2025-11-27T11:49:06+00:00] Minute 139/200: 0 req
[2025-11-27T11:49:06+00:00] Minute 140/200: 0 req
[2025-11-27T11:49:06+00:00] Minute 141/200: 0 req
[2025-11-27T11:49:06+00:00] Minute 142/200: 0 req
[2025-11-27T11:49:07+00:00] Minute 143/200: 0 req
[2025-11-27T11:49:07+00:00] Minute 144/200: 0 req
[2025-11-27T11:49:07+00:00] Minute 145/200: 0 req
[2025-11-27T11:49:07+00:00] Minute 146/200: 0 req
[2025-11-27T11:49:07+00:00] Minute 147/200: 0 req
[2025-11-27T11:49:07+00:00] Minute 148/200: 0 req
[2025-11-27T11:49:07+00:00] Minute 149/200: 0 req
[2025-11-27T11:49:07+00:00] Minute 150/200: 0 req
[2025-11-27T11:49:07+00:00] Minute 151/200: 0 req
[2025-11-27T11:49:07+00:00] Minute 152/200: 0 req
[2025-11-27T11:49:07+00:00] Minute 153/200: 0 req
[2025-11-27T11:49:08+00:00] Minute 154/200: 0 req
[2025-11-27T11:49:08+00:00] Minute 155/200: 0 req
[2025-11-27T11:49:08+00:00] Minute 156/200: 0 req
[2025-11-27T11:49:08+00:00] Minute 157/200: 0 req
[2025-11-27T11:49:08+00:00] Minute 158/200: 0 req
[2025-11-27T11:49:08+00:00] Minute 159/200: 0 req
[2025-11-27T11:49:08+00:00] Minute 160/200: 0 req
[2025-11-27T11:49:08+00:00] Minute 161/200: 0 req
[2025-11-27T11:49:08+00:00] Minute 162/200: 0 req
[2025-11-27T11:49:08+00:00] Minute 163/200: 0 req
[2025-11-27T11:49:08+00:00] Minute 164/200: 0 req
[2025-11-27T11:49:09+00:00] Minute 165/200: 0 req
[2025-11-27T11:49:09+00:00] Minute 166/200: 0 req
[2025-11-27T11:49:09+00:00] Minute 167/200: 0 req
[2025-11-27T11:49:09+00:00] Minute 168/200: 0 req
[2025-11-27T11:49:09+00:00] Minute 169/200: 0 req
[2025-11-27T11:49:09+00:00] Minute 170/200: 0 req
[2025-11-27T11:49:09+00:00] Minute 171/200: 0 req
[2025-11-27T11:49:09+00:00] Minute 172/200: 0 req
[2025-11-27T11:49:09+00:00] Minute 173/200: 0 req
[2025-11-27T11:49:09+00:00] Minute 174/200: 0 req
[2025-11-27T11:49:10+00:00] Minute 175/200: 0 req
[2025-11-27T11:49:10+00:00] Minute 176/200: 0 req
[2025-11-27T11:49:10+00:00] Minute 177/200: 0 req
[2025-11-27T11:49:10+00:00] Minute 178/200: 0 req
[2025-11-27T11:49:10+00:00] Minute 179/200: 0 req
[2025-11-27T11:49:10+00:00] Minute 180/200: 0 req
[2025-11-27T11:49:10+00:00] Minute 181/200: 0 req
[2025-11-27T11:49:10+00:00] Minute 182/200: 0 req
[2025-11-27T11:49:11+00:00] Minute 183/200: 0 req
[2025-11-27T11:49:11+00:00] Minute 184/200: 0 req
[2025-11-27T11:49:11+00:00] Minute 185/200: 0 req
[2025-11-27T11:49:12+00:00] Minute 186/200: 0 req
[2025-11-27T11:49:12+00:00] Minute 187/200: 0 req
[2025-11-27T11:49:12+00:00] Minute 188/200: 0 req
[2025-11-27T11:49:12+00:00] Minute 189/200: 0 req
[2025-11-27T11:49:12+00:00] Minute 190/200: 0 req
[2025-11-27T11:49:12+00:00] Minute 191/200: 0 req
[2025-11-27T11:49:12+00:00] Minute 192/200: 0 req
[2025-11-27T11:49:12+00:00] Minute 193/200: 0 req
[2025-11-27T11:49:12+00:00] Minute 194/200: 0 req
[2025-11-27T11:49:13+00:00] Minute 195/200: 0 req
[2025-11-27T11:49:13+00:00] Minute 196/200: 0 req
[2025-11-27T11:49:13+00:00] Minute 197/200: 0 req
[2025-11-27T11:49:13+00:00] Minute 198/200: 0 req
[2025-11-27T11:49:13+00:00] Minute 199/200: 0 req
[2025-11-27T11:49:13+00:00] Minute 200/200: 0 req

 DONE
Saved results: traffic_results/func_126_hybrid_20251127_114615.csv
Total cold starts: 2
Mean p95 latency: 324.4 ms
