
 TRAFFIC RUN: func_110-reactive
URL: http://func-110-reactive.default.172.199.57.57.sslip.io
Replay minutes: 200
Speedup: 90x

[2025-11-27T11:53:16+00:00] Minute 1/200: 50 req
→ 50/50 ok | pods=3 | p95=1178.9 ms COLD
[2025-11-27T11:53:24+00:00] Minute 2/200: 50 req
→ 50/50 ok | pods=3 | p95=113.2 ms 
[2025-11-27T11:53:27+00:00] Minute 3/200: 0 req
[2025-11-27T11:53:27+00:00] Minute 4/200: 0 req
[2025-11-27T11:53:27+00:00] Minute 5/200: 0 req
[2025-11-27T11:53:28+00:00] Minute 6/200: 0 req
[2025-11-27T11:53:28+00:00] Minute 7/200: 0 req
[2025-11-27T11:53:28+00:00] Minute 8/200: 0 req
[2025-11-27T11:53:28+00:00] Minute 9/200: 0 req
[2025-11-27T11:53:28+00:00] Minute 10/200: 0 req
[2025-11-27T11:53:28+00:00] Minute 11/200: 0 req
[2025-11-27T11:53:28+00:00] Minute 12/200: 0 req
[2025-11-27T11:53:28+00:00] Minute 13/200: 0 req
[2025-11-27T11:53:28+00:00] Minute 14/200: 0 req
[2025-11-27T11:53:28+00:00] Minute 15/200: 0 req
[2025-11-27T11:53:29+00:00] Minute 16/200: 0 req
[2025-11-27T11:53:29+00:00] Minute 17/200: 0 req
[2025-11-27T11:53:29+00:00] Minute 18/200: 0 req
[2025-11-27T11:53:29+00:00] Minute 19/200: 0 req
[2025-11-27T11:53:29+00:00] Minute 20/200: 0 req
[2025-11-27T11:53:29+00:00] Minute 21/200: 0 req
[2025-11-27T11:53:29+00:00] Minute 22/200: 0 req
[2025-11-27T11:53:29+00:00] Minute 23/200: 0 req
[2025-11-27T11:53:29+00:00] Minute 24/200: 0 req
[2025-11-27T11:53:29+00:00] Minute 25/200: 0 req
[2025-11-27T11:53:29+00:00] Minute 26/200: 0 req
[2025-11-27T11:53:30+00:00] Minute 27/200: 0 req
[2025-11-27T11:53:30+00:00] Minute 28/200: 0 req
[2025-11-27T11:53:30+00:00] Minute 29/200: 0 req
[2025-11-27T11:53:30+00:00] Minute 30/200: 0 req
[2025-11-27T11:53:30+00:00] Minute 31/200: 0 req
[2025-11-27T11:53:30+00:00] Minute 32/200: 0 req
[2025-11-27T11:53:30+00:00] Minute 33/200: 0 req
[2025-11-27T11:53:30+00:00] Minute 34/200: 0 req
[2025-11-27T11:53:30+00:00] Minute 35/200: 0 req
[2025-11-27T11:53:31+00:00] Minute 36/200: 0 req
[2025-11-27T11:53:31+00:00] Minute 37/200: 0 req
[2025-11-27T11:53:31+00:00] Minute 38/200: 0 req
[2025-11-27T11:53:31+00:00] Minute 39/200: 0 req
[2025-11-27T11:53:31+00:00] Minute 40/200: 0 req
[2025-11-27T11:53:31+00:00] Minute 41/200: 0 req
[2025-11-27T11:53:31+00:00] Minute 42/200: 0 req
[2025-11-27T11:53:31+00:00] Minute 43/200: 0 req
[2025-11-27T11:53:31+00:00] Minute 44/200: 0 req
[2025-11-27T11:53:31+00:00] Minute 45/200: 0 req
[2025-11-27T11:53:31+00:00] Minute 46/200: 0 req
[2025-11-27T11:53:32+00:00] Minute 47/200: 0 req
[2025-11-27T11:53:32+00:00] Minute 48/200: 0 req
[2025-11-27T11:53:32+00:00] Minute 49/200: 0 req
[2025-11-27T11:53:32+00:00] Minute 50/200: 0 req
[2025-11-27T11:53:32+00:00] Minute 51/200: 0 req
[2025-11-27T11:53:32+00:00] Minute 52/200: 0 req
[2025-11-27T11:53:32+00:00] Minute 53/200: 0 req
[2025-11-27T11:53:32+00:00] Minute 54/200: 0 req
[2025-11-27T11:53:32+00:00] Minute 55/200: 0 req
[2025-11-27T11:53:33+00:00] Minute 56/200: 0 req
[2025-11-27T11:53:33+00:00] Minute 57/200: 0 req
[2025-11-27T11:53:33+00:00] Minute 58/200: 0 req
[2025-11-27T11:53:33+00:00] Minute 59/200: 0 req
[2025-11-27T11:53:33+00:00] Minute 60/200: 0 req
[2025-11-27T11:53:33+00:00] Minute 61/200: 50 req
→ 50/50 ok | pods=3 | p95=86.3 ms 
[2025-11-27T11:53:35+00:00] Minute 62/200: 50 req
→ 50/50 ok | pods=3 | p95=89.2 ms 
[2025-11-27T11:53:38+00:00] Minute 63/200: 0 req
[2025-11-27T11:53:38+00:00] Minute 64/200: 0 req
[2025-11-27T11:53:38+00:00] Minute 65/200: 0 req
[2025-11-27T11:53:38+00:00] Minute 66/200: 0 req
[2025-11-27T11:53:38+00:00] Minute 67/200: 0 req
[2025-11-27T11:53:38+00:00] Minute 68/200: 0 req
[2025-11-27T11:53:38+00:00] Minute 69/200: 0 req
[2025-11-27T11:53:38+00:00] Minute 70/200: 0 req
[2025-11-27T11:53:38+00:00] Minute 71/200: 0 req
[2025-11-27T11:53:39+00:00] Minute 72/200: 0 req
[2025-11-27T11:53:39+00:00] Minute 73/200: 0 req
[2025-11-27T11:53:39+00:00] Minute 74/200: 0 req
[2025-11-27T11:53:39+00:00] Minute 75/200: 0 req
[2025-11-27T11:53:39+00:00] Minute 76/200: 0 req
[2025-11-27T11:53:39+00:00] Minute 77/200: 0 req
[2025-11-27T11:53:39+00:00] Minute 78/200: 0 req
[2025-11-27T11:53:39+00:00] Minute 79/200: 0 req
[2025-11-27T11:53:39+00:00] Minute 80/200: 0 req
[2025-11-27T11:53:39+00:00] Minute 81/200: 0 req
[2025-11-27T11:53:39+00:00] Minute 82/200: 0 req
[2025-11-27T11:53:40+00:00] Minute 83/200: 0 req
[2025-11-27T11:53:40+00:00] Minute 84/200: 0 req
[2025-11-27T11:53:40+00:00] Minute 85/200: 0 req
[2025-11-27T11:53:40+00:00] Minute 86/200: 0 req
[2025-11-27T11:53:40+00:00] Minute 87/200: 0 req
[2025-11-27T11:53:40+00:00] Minute 88/200: 0 req
[2025-11-27T11:53:40+00:00] Minute 89/200: 0 req
[2025-11-27T11:53:40+00:00] Minute 90/200: 0 req
[2025-11-27T11:53:40+00:00] Minute 91/200: 0 req
[2025-11-27T11:53:40+00:00] Minute 92/200: 0 req
[2025-11-27T11:53:41+00:00] Minute 93/200: 0 req
[2025-11-27T11:53:41+00:00] Minute 94/200: 0 req
[2025-11-27T11:53:41+00:00] Minute 95/200: 0 req
[2025-11-27T11:53:41+00:00] Minute 96/200: 0 req
[2025-11-27T11:53:41+00:00] Minute 97/200: 0 req
[2025-11-27T11:53:41+00:00] Minute 98/200: 0 req
[2025-11-27T11:53:41+00:00] Minute 99/200: 0 req
[2025-11-27T11:53:41+00:00] Minute 100/200: 0 req
[2025-11-27T11:53:41+00:00] Minute 101/200: 0 req
[2025-11-27T11:53:41+00:00] Minute 102/200: 0 req
[2025-11-27T11:53:41+00:00] Minute 103/200: 0 req
[2025-11-27T11:53:42+00:00] Minute 104/200: 0 req
[2025-11-27T11:53:42+00:00] Minute 105/200: 0 req
[2025-11-27T11:53:42+00:00] Minute 106/200: 0 req
[2025-11-27T11:53:42+00:00] Minute 107/200: 0 req
[2025-11-27T11:53:42+00:00] Minute 108/200: 0 req
[2025-11-27T11:53:42+00:00] Minute 109/200: 0 req
[2025-11-27T11:53:42+00:00] Minute 110/200: 0 req
[2025-11-27T11:53:42+00:00] Minute 111/200: 0 req
[2025-11-27T11:53:42+00:00] Minute 112/200: 0 req
[2025-11-27T11:53:42+00:00] Minute 113/200: 0 req
[2025-11-27T11:53:43+00:00] Minute 114/200: 0 req
[2025-11-27T11:53:43+00:00] Minute 115/200: 0 req
[2025-11-27T11:53:43+00:00] Minute 116/200: 0 req
[2025-11-27T11:53:43+00:00] Minute 117/200: 0 req
[2025-11-27T11:53:43+00:00] Minute 118/200: 0 req
[2025-11-27T11:53:43+00:00] Minute 119/200: 0 req
[2025-11-27T11:53:43+00:00] Minute 120/200: 0 req
[2025-11-27T11:53:43+00:00] Minute 121/200: 0 req
[2025-11-27T11:53:44+00:00] Minute 122/200: 0 req
[2025-11-27T11:53:44+00:00] Minute 123/200: 0 req
[2025-11-27T11:53:44+00:00] Minute 124/200: 0 req
[2025-11-27T11:53:44+00:00] Minute 125/200: 0 req
[2025-11-27T11:53:44+00:00] Minute 126/200: 0 req
[2025-11-27T11:53:44+00:00] Minute 127/200: 0 req
[2025-11-27T11:53:44+00:00] Minute 128/200: 0 req
[2025-11-27T11:53:44+00:00] Minute 129/200: 0 req
[2025-11-27T11:53:45+00:00] Minute 130/200: 0 req
[2025-11-27T11:53:45+00:00] Minute 131/200: 0 req
[2025-11-27T11:53:45+00:00] Minute 132/200: 0 req
[2025-11-27T11:53:45+00:00] Minute 133/200: 0 req
[2025-11-27T11:53:45+00:00] Minute 134/200: 0 req
[2025-11-27T11:53:45+00:00] Minute 135/200: 0 req
[2025-11-27T11:53:45+00:00] Minute 136/200: 0 req
[2025-11-27T11:53:46+00:00] Minute 137/200: 0 req
[2025-11-27T11:53:46+00:00] Minute 138/200: 0 req
[2025-11-27T11:53:46+00:00] Minute 139/200: 0 req
[2025-11-27T11:53:46+00:00] Minute 140/200: 0 req
[2025-11-27T11:53:46+00:00] Minute 141/200: 0 req
[2025-11-27T11:53:46+00:00] Minute 142/200: 0 req
[2025-11-27T11:53:46+00:00] Minute 143/200: 0 req
[2025-11-27T11:53:46+00:00] Minute 144/200: 0 req
[2025-11-27T11:53:46+00:00] Minute 145/200: 0 req
[2025-11-27T11:53:46+00:00] Minute 146/200: 0 req
[2025-11-27T11:53:47+00:00] Minute 147/200: 0 req
[2025-11-27T11:53:47+00:00] Minute 148/200: 0 req
[2025-11-27T11:53:47+00:00] Minute 149/200: 0 req
[2025-11-27T11:53:47+00:00] Minute 150/200: 0 req
[2025-11-27T11:53:47+00:00] Minute 151/200: 0 req
[2025-11-27T11:53:47+00:00] Minute 152/200: 0 req
[2025-11-27T11:53:47+00:00] Minute 153/200: 0 req
[2025-11-27T11:53:47+00:00] Minute 154/200: 0 req
[2025-11-27T11:53:48+00:00] Minute 155/200: 0 req
[2025-11-27T11:53:48+00:00] Minute 156/200: 0 req
[2025-11-27T11:53:48+00:00] Minute 157/200: 0 req
[2025-11-27T11:53:48+00:00] Minute 158/200: 0 req
[2025-11-27T11:53:48+00:00] Minute 159/200: 0 req
[2025-11-27T11:53:48+00:00] Minute 160/200: 0 req
[2025-11-27T11:53:48+00:00] Minute 161/200: 0 req
[2025-11-27T11:53:48+00:00] Minute 162/200: 0 req
[2025-11-27T11:53:48+00:00] Minute 163/200: 0 req
[2025-11-27T11:53:49+00:00] Minute 164/200: 0 req
[2025-11-27T11:53:49+00:00] Minute 165/200: 0 req
[2025-11-27T11:53:49+00:00] Minute 166/200: 0 req
[2025-11-27T11:53:49+00:00] Minute 167/200: 0 req
[2025-11-27T11:53:49+00:00] Minute 168/200: 0 req
[2025-11-27T11:53:49+00:00] Minute 169/200: 0 req
[2025-11-27T11:53:49+00:00] Minute 170/200: 0 req
[2025-11-27T11:53:49+00:00] Minute 171/200: 0 req
[2025-11-27T11:53:49+00:00] Minute 172/200: 0 req
[2025-11-27T11:53:49+00:00] Minute 173/200: 0 req
[2025-11-27T11:53:49+00:00] Minute 174/200: 0 req
[2025-11-27T11:53:50+00:00] Minute 175/200: 0 req
[2025-11-27T11:53:50+00:00] Minute 176/200: 0 req
[2025-11-27T11:53:50+00:00] Minute 177/200: 0 req
[2025-11-27T11:53:50+00:00] Minute 178/200: 0 req
[2025-11-27T11:53:50+00:00] Minute 179/200: 0 req
[2025-11-27T11:53:50+00:00] Minute 180/200: 0 req
[2025-11-27T11:53:50+00:00] Minute 181/200: 50 req
→ 50/50 ok | pods=4 | p95=91.6 ms COLD
[2025-11-27T11:53:52+00:00] Minute 182/200: 50 req
→ 50/50 ok | pods=2 | p95=99.9 ms 
[2025-11-27T11:53:56+00:00] Minute 183/200: 1 req
→ 1/1 ok | pods=2 | p95=94.0 ms 
[2025-11-27T11:53:56+00:00] Minute 184/200: 1 req
→ 1/1 ok | pods=2 | p95=91.6 ms 
[2025-11-27T11:53:57+00:00] Minute 185/200: 0 req
[2025-11-27T11:53:57+00:00] Minute 186/200: 0 req
[2025-11-27T11:53:57+00:00] Minute 187/200: 0 req
[2025-11-27T11:53:57+00:00] Minute 188/200: 0 req
[2025-11-27T11:53:57+00:00] Minute 189/200: 0 req
[2025-11-27T11:53:57+00:00] Minute 190/200: 0 req
[2025-11-27T11:53:58+00:00] Minute 191/200: 0 req
[2025-11-27T11:53:58+00:00] Minute 192/200: 0 req
[2025-11-27T11:53:58+00:00] Minute 193/200: 0 req
[2025-11-27T11:53:58+00:00] Minute 194/200: 0 req
[2025-11-27T11:53:58+00:00] Minute 195/200: 0 req
[2025-11-27T11:53:58+00:00] Minute 196/200: 0 req
[2025-11-27T11:53:58+00:00] Minute 197/200: 0 req
[2025-11-27T11:53:58+00:00] Minute 198/200: 0 req
[2025-11-27T11:53:58+00:00] Minute 199/200: 0 req
[2025-11-27T11:53:58+00:00] Minute 200/200: 0 req

 DONE
Saved results: traffic_results/func_110_reactive_20251127_115315.csv
Total cold starts: 2
Mean p95 latency: 9.2 ms
