TRAFFIC RUN: func_235-lstm
Target URL: http://func-235-lstm.default.172.199.57.57.sslip.io
[2025-11-13T12:55:19+00:00] Minute 1/15: 69 req
→ 47/50 ok | pods=1 | avg=1082.2ms | p95=1705.0ms cold
[2025-11-13T12:56:30+00:00] Minute 2/15: 94 req
→ 50/50 ok | pods=0 | avg=954.2ms | p95=1064.9ms 
[2025-11-13T12:57:50+00:00] Minute 3/15: 0 req
[2025-11-13T12:57:56+00:00] Minute 4/15: 64 req
→ 47/50 ok | pods=0 | avg=1024.4ms | p95=1097.2ms 
[2025-11-13T12:59:31+00:00] Minute 5/15: 93 req
→ 47/50 ok | pods=1 | avg=1026.0ms | p95=1109.1ms cold
[2025-11-13T13:00:37+00:00] Minute 6/15: 66 req
→ 50/50 ok | pods=1 | avg=1002.8ms | p95=1102.4ms 
[2025-11-13T13:01:30+00:00] Minute 7/15: 2 req
→ 2/2 ok | pods=1 | avg=994.0ms | p95=1045.5ms 
[2025-11-13T13:01:34+00:00] Minute 8/15: 22 req
→ 22/22 ok | pods=1 | avg=1058.3ms | p95=1180.8ms 
[2025-11-13T13:02:00+00:00] Minute 9/15: 53 req
→ 50/50 ok | pods=1 | avg=1001.2ms | p95=1108.4ms 
[2025-11-13T13:02:53+00:00] Minute 10/15: 13 req
→ 13/13 ok | pods=1 | avg=1041.8ms | p95=1093.2ms 
[2025-11-13T13:03:09+00:00] Minute 11/15: 0 req
[2025-11-13T13:03:15+00:00] Minute 12/15: 1 req
→ 1/1 ok | pods=1 | avg=1047.7ms | p95=1047.7ms 
[2025-11-13T13:03:19+00:00] Minute 13/15: 8 req
→ 8/8 ok | pods=1 | avg=1096.8ms | p95=1185.9ms 
[2025-11-13T13:03:30+00:00] Minute 14/15: 111 req
→ 50/50 ok | pods=1 | avg=1027.2ms | p95=1118.2ms 
[2025-11-13T13:04:23+00:00] Minute 15/15: 63 req
→ 50/50 ok | pods=1 | avg=941.1ms | p95=1044.4ms 


Run complete. Detailed metrics saved to traffic_results/func_235_lstm_20251113_125519.csv
Mean success: 98.6%
Avg p95 latency: 1146.4 ms
Cold starts detected: 2
