
 TRAFFIC RUN: func_235-lstm
URL: http://func-235-lstm.default.172.199.57.57.sslip.io
Replay minutes: 200
Speedup: 90x

[2025-11-23T12:09:38+00:00] Minute 1/200: 50 req
→ 50/50 ok | pods=2 | p95=1151.4 ms COLD
[2025-11-23T12:12:12+00:00] Minute 2/200: 50 req
→ 50/50 ok | pods=3 | p95=1131.7 ms COLD
[2025-11-23T12:12:37+00:00] Minute 3/200: 0 req
[2025-11-23T12:12:37+00:00] Minute 4/200: 50 req
→ 50/50 ok | pods=3 | p95=1272.1 ms 
[2025-11-23T12:13:01+00:00] Minute 5/200: 50 req
→ 50/50 ok | pods=3 | p95=1096.6 ms 
[2025-11-23T12:13:25+00:00] Minute 6/200: 50 req
→ 50/50 ok | pods=3 | p95=1321.3 ms 
[2025-11-23T12:13:49+00:00] Minute 7/200: 2 req
→ 2/2 ok | pods=3 | p95=929.3 ms 
[2025-11-23T12:13:51+00:00] Minute 8/200: 22 req
→ 22/22 ok | pods=3 | p95=1438.6 ms 
[2025-11-23T12:14:02+00:00] Minute 9/200: 50 req
→ 50/50 ok | pods=3 | p95=1229.7 ms 
[2025-11-23T12:14:27+00:00] Minute 10/200: 13 req
→ 13/13 ok | pods=3 | p95=1044.7 ms 
[2025-11-23T12:14:33+00:00] Minute 11/200: 0 req
[2025-11-23T12:14:33+00:00] Minute 12/200: 1 req
→ 1/1 ok | pods=3 | p95=589.4 ms 
[2025-11-23T12:14:34+00:00] Minute 13/200: 8 req
→ 8/8 ok | pods=3 | p95=1454.9 ms 
[2025-11-23T12:14:38+00:00] Minute 14/200: 50 req
→ 50/50 ok | pods=3 | p95=1328.8 ms 
[2025-11-23T12:15:05+00:00] Minute 15/200: 50 req
→ 50/50 ok | pods=3 | p95=1255.4 ms 
[2025-11-23T12:15:29+00:00] Minute 16/200: 50 req
→ 50/50 ok | pods=3 | p95=1090.8 ms 
[2025-11-23T12:15:53+00:00] Minute 17/200: 50 req
→ 50/50 ok | pods=3 | p95=1062.6 ms 
[2025-11-23T12:16:16+00:00] Minute 18/200: 11 req
→ 11/11 ok | pods=3 | p95=1154.3 ms 
[2025-11-23T12:16:22+00:00] Minute 19/200: 21 req
→ 21/21 ok | pods=3 | p95=1549.0 ms 
[2025-11-23T12:16:33+00:00] Minute 20/200: 6 req
→ 6/6 ok | pods=3 | p95=1028.0 ms 
[2025-11-23T12:16:36+00:00] Minute 21/200: 27 req
→ 27/27 ok | pods=3 | p95=1348.7 ms 
[2025-11-23T12:16:50+00:00] Minute 22/200: 50 req
→ 50/50 ok | pods=3 | p95=1134.4 ms 
[2025-11-23T12:17:14+00:00] Minute 23/200: 50 req
→ 50/50 ok | pods=3 | p95=1131.4 ms 
[2025-11-23T12:17:39+00:00] Minute 24/200: 0 req
[2025-11-23T12:17:39+00:00] Minute 25/200: 34 req
→ 34/34 ok | pods=3 | p95=1099.4 ms 
[2025-11-23T12:17:55+00:00] Minute 26/200: 47 req
→ 47/47 ok | pods=3 | p95=1143.9 ms 
[2025-11-23T12:18:18+00:00] Minute 27/200: 24 req
→ 24/24 ok | pods=3 | p95=1086.1 ms 
[2025-11-23T12:18:29+00:00] Minute 28/200: 50 req
→ 50/50 ok | pods=3 | p95=1111.0 ms 
[2025-11-23T12:18:54+00:00] Minute 29/200: 50 req
→ 50/50 ok | pods=3 | p95=1091.9 ms 
[2025-11-23T12:19:18+00:00] Minute 30/200: 50 req
→ 49/50 ok | pods=3 | p95=1070.7 ms 
[2025-11-23T12:19:43+00:00] Minute 31/200: 49 req
→ 49/49 ok | pods=3 | p95=1109.4 ms 
[2025-11-23T12:20:07+00:00] Minute 32/200: 50 req
→ 50/50 ok | pods=3 | p95=1305.2 ms 
[2025-11-23T12:20:31+00:00] Minute 33/200: 50 req
→ 50/50 ok | pods=3 | p95=1478.7 ms 
[2025-11-23T12:20:56+00:00] Minute 34/200: 0 req
[2025-11-23T12:20:56+00:00] Minute 35/200: 21 req
→ 21/21 ok | pods=3 | p95=1068.6 ms 
[2025-11-23T12:21:09+00:00] Minute 36/200: 50 req
→ 50/50 ok | pods=2 | p95=1190.4 ms 
[2025-11-23T12:21:34+00:00] Minute 37/200: 17 req
→ 17/17 ok | pods=2 | p95=1323.2 ms 
[2025-11-23T12:21:43+00:00] Minute 38/200: 50 req
→ 50/50 ok | pods=2 | p95=1116.4 ms 
[2025-11-23T12:22:08+00:00] Minute 39/200: 50 req
→ 50/50 ok | pods=2 | p95=1155.1 ms 
[2025-11-23T12:22:32+00:00] Minute 40/200: 50 req
→ 50/50 ok | pods=2 | p95=1062.6 ms 
[2025-11-23T12:22:56+00:00] Minute 41/200: 21 req
→ 21/21 ok | pods=2 | p95=1270.8 ms 
[2025-11-23T12:23:06+00:00] Minute 42/200: 50 req
→ 50/50 ok | pods=2 | p95=1230.1 ms 
[2025-11-23T12:23:32+00:00] Minute 43/200: 50 req
→ 50/50 ok | pods=2 | p95=1053.3 ms 
[2025-11-23T12:23:55+00:00] Minute 44/200: 50 req
→ 50/50 ok | pods=2 | p95=1039.2 ms 
[2025-11-23T12:24:18+00:00] Minute 45/200: 50 req
→ 50/50 ok | pods=2 | p95=1058.0 ms 
[2025-11-23T12:24:40+00:00] Minute 46/200: 50 req
→ 50/50 ok | pods=2 | p95=1038.6 ms 
[2025-11-23T12:25:03+00:00] Minute 47/200: 50 req
→ 50/50 ok | pods=2 | p95=1238.9 ms 
[2025-11-23T12:25:28+00:00] Minute 48/200: 50 req
→ 50/50 ok | pods=2 | p95=1032.4 ms 
[2025-11-23T12:25:52+00:00] Minute 49/200: 50 req
→ 50/50 ok | pods=2 | p95=1058.9 ms 
[2025-11-23T12:26:15+00:00] Minute 50/200: 50 req
→ 50/50 ok | pods=2 | p95=1191.8 ms 
[2025-11-23T12:26:39+00:00] Minute 51/200: 50 req
→ 50/50 ok | pods=2 | p95=1161.1 ms 
[2025-11-23T12:27:03+00:00] Minute 52/200: 50 req
→ 50/50 ok | pods=2 | p95=1058.9 ms 
[2025-11-23T12:27:26+00:00] Minute 53/200: 50 req
→ 50/50 ok | pods=2 | p95=1261.1 ms 
[2025-11-23T12:27:50+00:00] Minute 54/200: 50 req
→ 50/50 ok | pods=2 | p95=1050.9 ms 
[2025-11-23T12:28:13+00:00] Minute 55/200: 50 req
→ 50/50 ok | pods=2 | p95=1089.4 ms 
[2025-11-23T12:28:37+00:00] Minute 56/200: 50 req
→ 50/50 ok | pods=2 | p95=1156.5 ms 
[2025-11-23T12:29:01+00:00] Minute 57/200: 50 req
→ 50/50 ok | pods=2 | p95=1295.9 ms 
[2025-11-23T12:29:24+00:00] Minute 58/200: 50 req
→ 50/50 ok | pods=2 | p95=1199.2 ms 
[2025-11-23T12:29:48+00:00] Minute 59/200: 50 req
→ 50/50 ok | pods=2 | p95=1091.1 ms 
[2025-11-23T12:30:12+00:00] Minute 60/200: 50 req
→ 50/50 ok | pods=2 | p95=1221.5 ms 
[2025-11-23T12:30:36+00:00] Minute 61/200: 50 req
→ 50/50 ok | pods=2 | p95=1098.2 ms 
[2025-11-23T12:31:00+00:00] Minute 62/200: 50 req
→ 50/50 ok | pods=2 | p95=1056.6 ms 
[2025-11-23T12:31:23+00:00] Minute 63/200: 50 req
→ 50/50 ok | pods=2 | p95=1161.6 ms 
[2025-11-23T12:31:47+00:00] Minute 64/200: 50 req
→ 50/50 ok | pods=2 | p95=1193.4 ms 
[2025-11-23T12:32:11+00:00] Minute 65/200: 50 req
→ 50/50 ok | pods=2 | p95=1163.1 ms 
[2025-11-23T12:32:35+00:00] Minute 66/200: 50 req
→ 50/50 ok | pods=2 | p95=1269.9 ms 
[2025-11-23T12:33:00+00:00] Minute 67/200: 50 req
→ 50/50 ok | pods=2 | p95=1018.8 ms 
[2025-11-23T12:33:22+00:00] Minute 68/200: 50 req
