TRAFFIC RUN: func_235-prophet
Target URL: http://func-235-prophet.default.172.199.57.57.sslip.io
[2025-11-13T22:55:51+00:00] Minute 1/60: 69 req
→ 50/50 ok | pods=1 | avg=251.0ms | p95=396.3ms cold
[2025-11-13T22:56:06+00:00] Minute 2/60: 94 req
→ 50/50 ok | pods=1 | avg=265.5ms | p95=413.5ms 
[2025-11-13T22:56:22+00:00] Minute 3/60: 0 req
[2025-11-13T22:56:28+00:00] Minute 4/60: 64 req
→ 50/50 ok | pods=1 | avg=234.2ms | p95=314.5ms 
[2025-11-13T22:56:42+00:00] Minute 5/60: 93 req
→ 50/50 ok | pods=1 | avg=232.4ms | p95=286.4ms 
[2025-11-13T22:56:57+00:00] Minute 6/60: 66 req
→ 50/50 ok | pods=1 | avg=297.7ms | p95=1178.6ms 
[2025-11-13T22:57:14+00:00] Minute 7/60: 2 req
→ 2/2 ok | pods=1 | avg=252.0ms | p95=276.9ms 
[2025-11-13T22:57:18+00:00] Minute 8/60: 22 req
→ 22/22 ok | pods=1 | avg=262.9ms | p95=359.3ms 
[2025-11-13T22:57:26+00:00] Minute 9/60: 53 req
→ 50/50 ok | pods=1 | avg=264.1ms | p95=370.4ms 
[2025-11-13T22:57:42+00:00] Minute 10/60: 13 req
→ 13/13 ok | pods=1 | avg=260.5ms | p95=357.6ms 
[2025-11-13T22:57:48+00:00] Minute 11/60: 0 req
[2025-11-13T22:57:54+00:00] Minute 12/60: 1 req
→ 1/1 ok | pods=1 | avg=292.5ms | p95=292.5ms 
[2025-11-13T22:57:57+00:00] Minute 13/60: 8 req
→ 8/8 ok | pods=1 | avg=269.6ms | p95=366.4ms 
[2025-11-13T22:58:01+00:00] Minute 14/60: 111 req
→ 50/50 ok | pods=1 | avg=234.2ms | p95=375.6ms 
[2025-11-13T22:58:16+00:00] Minute 15/60: 63 req
→ 50/50 ok | pods=1 | avg=221.7ms | p95=298.2ms 
[2025-11-13T22:58:30+00:00] Minute 16/60: 85 req
→ 50/50 ok | pods=0 | avg=231.6ms | p95=336.9ms 
[2025-11-13T22:59:13+00:00] Minute 17/60: 78 req
→ 50/50 ok | pods=1 | avg=229.7ms | p95=287.4ms cold
[2025-11-13T22:59:27+00:00] Minute 18/60: 11 req
→ 11/11 ok | pods=0 | avg=262.6ms | p95=404.4ms 
[2025-11-13T23:00:01+00:00] Minute 19/60: 21 req
→ 21/21 ok | pods=1 | avg=294.4ms | p95=425.0ms cold
[2025-11-13T23:00:10+00:00] Minute 20/60: 6 req
→ 6/6 ok | pods=1 | avg=243.7ms | p95=322.6ms 
[2025-11-13T23:00:14+00:00] Minute 21/60: 27 req
→ 27/27 ok | pods=1 | avg=291.0ms | p95=368.3ms 
[2025-11-13T23:00:25+00:00] Minute 22/60: 119 req
→ 50/50 ok | pods=1 | avg=226.1ms | p95=313.1ms 
[2025-11-13T23:00:39+00:00] Minute 23/60: 51 req
→ 50/50 ok | pods=1 | avg=234.2ms | p95=313.7ms 
[2025-11-13T23:00:53+00:00] Minute 24/60: 0 req
[2025-11-13T23:00:59+00:00] Minute 25/60: 34 req
→ 34/34 ok | pods=1 | avg=238.0ms | p95=367.3ms 
[2025-11-13T23:01:17+00:00] Minute 26/60: 47 req
→ 47/47 ok | pods=1 | avg=235.7ms | p95=285.3ms 
[2025-11-13T23:01:31+00:00] Minute 27/60: 24 req
→ 24/24 ok | pods=1 | avg=263.0ms | p95=360.2ms 
[2025-11-13T23:01:40+00:00] Minute 28/60: 90 req
→ 50/50 ok | pods=1 | avg=268.7ms | p95=374.8ms 
[2025-11-13T23:01:56+00:00] Minute 29/60: 109 req
