
 TRAFFIC RUN: func_235-lstm
URL: http://func-235-lstm.default.172.199.57.57.sslip.io
Replay minutes: 200
Speedup: 90x

[2025-11-23T11:46:25+00:00] Minute 1/200: 50 req
→ 50/50 ok | pods=4 | p95=4861.2 ms COLD
[2025-11-23T11:46:49+00:00] Minute 2/200: 50 req
→ 50/50 ok | pods=5 | p95=4939.8 ms COLD
[2025-11-23T11:47:12+00:00] Minute 3/200: 0 req
[2025-11-23T11:47:13+00:00] Minute 4/200: 50 req
→ 45/50 ok | pods=5 | p95=5010.8 ms 
[2025-11-23T11:47:37+00:00] Minute 5/200: 50 req
→ 50/50 ok | pods=5 | p95=4814.9 ms 
[2025-11-23T11:48:00+00:00] Minute 6/200: 50 req
→ 50/50 ok | pods=5 | p95=4685.3 ms 
[2025-11-23T11:48:23+00:00] Minute 7/200: 2 req
→ 2/2 ok | pods=5 | p95=1352.9 ms 
[2025-11-23T11:48:25+00:00] Minute 8/200: 22 req
→ 22/22 ok | pods=5 | p95=4697.8 ms 
[2025-11-23T11:48:35+00:00] Minute 9/200: 50 req
→ 48/50 ok | pods=5 | p95=4906.8 ms 
[2025-11-23T11:48:59+00:00] Minute 10/200: 13 req
→ 13/13 ok | pods=5 | p95=4639.8 ms 
[2025-11-23T11:49:05+00:00] Minute 11/200: 0 req
[2025-11-23T11:49:06+00:00] Minute 12/200: 1 req
→ 1/1 ok | pods=5 | p95=576.5 ms 
[2025-11-23T11:49:07+00:00] Minute 13/200: 8 req
→ 8/8 ok | pods=5 | p95=3723.4 ms 
[2025-11-23T11:49:11+00:00] Minute 14/200: 50 req
→ 47/50 ok | pods=5 | p95=4941.3 ms 
[2025-11-23T11:49:35+00:00] Minute 15/200: 50 req
→ 48/50 ok | pods=5 | p95=4824.6 ms 
[2025-11-23T11:49:58+00:00] Minute 16/200: 50 req
→ 42/50 ok | pods=5 | p95=4922.6 ms 
[2025-11-23T11:50:22+00:00] Minute 17/200: 50 req
