TRAFFIC RUN: func_235-reactive
Target URL: http://func-235-reactive.default.172.199.57.57.sslip.io
[2025-11-22T00:26:16+00:00] Minute 1/200: 69 req
→ 34/50 ok | pods=3 | avg=210.5ms | p95=293.4ms cold
[2025-11-22T00:27:49+00:00] Minute 2/200: 94 req
→ 50/50 ok | pods=3 | avg=220.7ms | p95=299.5ms 
[2025-11-22T00:28:04+00:00] Minute 3/200: 0 req
[2025-11-22T00:28:04+00:00] Minute 4/200: 64 req
→ 50/50 ok | pods=2 | avg=175.7ms | p95=244.5ms 
[2025-11-22T00:28:16+00:00] Minute 5/200: 93 req
→ 50/50 ok | pods=1 | avg=195.5ms | p95=263.6ms 
[2025-11-22T00:28:28+00:00] Minute 6/200: 66 req
→ 50/50 ok | pods=1 | avg=176.0ms | p95=234.0ms 
[2025-11-22T00:28:38+00:00] Minute 7/200: 2 req
→ 2/2 ok | pods=1 | avg=213.9ms | p95=236.4ms 
[2025-11-22T00:28:40+00:00] Minute 8/200: 22 req
→ 22/22 ok | pods=1 | avg=188.6ms | p95=256.6ms 
[2025-11-22T00:28:46+00:00] Minute 9/200: 53 req
→ 50/50 ok | pods=1 | avg=205.4ms | p95=297.1ms 
[2025-11-22T00:29:00+00:00] Minute 10/200: 13 req
→ 13/13 ok | pods=1 | avg=178.1ms | p95=195.5ms 
[2025-11-22T00:29:04+00:00] Minute 11/200: 0 req
[2025-11-22T00:29:04+00:00] Minute 12/200: 1 req
→ 1/1 ok | pods=1 | avg=166.5ms | p95=166.5ms 
[2025-11-22T00:29:06+00:00] Minute 13/200: 8 req
→ 8/8 ok | pods=1 | avg=187.2ms | p95=189.3ms 
[2025-11-22T00:29:09+00:00] Minute 14/200: 111 req
→ 50/50 ok | pods=1 | avg=207.2ms | p95=274.6ms 
[2025-11-22T00:29:21+00:00] Minute 15/200: 63 req
→ 50/50 ok | pods=1 | avg=176.8ms | p95=222.5ms 
[2025-11-22T00:29:32+00:00] Minute 16/200: 85 req
→ 50/50 ok | pods=1 | avg=199.7ms | p95=195.9ms 
[2025-11-22T00:29:44+00:00] Minute 17/200: 78 req
→ 50/50 ok | pods=1 | avg=176.1ms | p95=228.1ms 
[2025-11-22T00:29:55+00:00] Minute 18/200: 11 req
→ 11/11 ok | pods=1 | avg=156.5ms | p95=195.3ms 
[2025-11-22T00:29:58+00:00] Minute 19/200: 21 req
→ 21/21 ok | pods=1 | avg=182.6ms | p95=252.0ms 
[2025-11-22T00:30:34+00:00] Minute 20/200: 6 req
→ 6/6 ok | pods=3 | avg=674.4ms | p95=2455.1ms cold
[2025-11-22T00:30:40+00:00] Minute 21/200: 27 req
→ 27/27 ok | pods=3 | avg=177.6ms | p95=194.3ms 
[2025-11-22T00:30:46+00:00] Minute 22/200: 119 req
→ 50/50 ok | pods=2 | avg=177.7ms | p95=240.4ms 
[2025-11-22T00:30:57+00:00] Minute 23/200: 51 req
→ 50/50 ok | pods=2 | avg=178.0ms | p95=221.7ms 
[2025-11-22T00:31:08+00:00] Minute 24/200: 0 req
[2025-11-22T00:31:09+00:00] Minute 25/200: 34 req
→ 34/34 ok | pods=0 | avg=188.7ms | p95=234.9ms 
[2025-11-22T00:31:46+00:00] Minute 26/200: 47 req
→ 47/47 ok | pods=3 | avg=247.9ms | p95=265.3ms cold
[2025-11-22T00:31:59+00:00] Minute 27/200: 24 req
→ 24/24 ok | pods=3 | avg=168.8ms | p95=237.3ms 
[2025-11-22T00:32:05+00:00] Minute 28/200: 90 req
→ 50/50 ok | pods=2 | avg=178.8ms | p95=194.3ms 
[2025-11-22T00:32:16+00:00] Minute 29/200: 109 req
→ 50/50 ok | pods=1 | avg=186.6ms | p95=265.7ms 
[2025-11-22T00:32:27+00:00] Minute 30/200: 95 req
→ 50/50 ok | pods=1 | avg=198.1ms | p95=295.1ms 
[2025-11-22T00:32:39+00:00] Minute 31/200: 49 req
→ 49/49 ok | pods=1 | avg=178.8ms | p95=262.6ms 
[2025-11-22T00:32:49+00:00] Minute 32/200: 91 req
→ 50/50 ok | pods=1 | avg=189.9ms | p95=249.5ms 
[2025-11-22T00:33:00+00:00] Minute 33/200: 91 req
→ 50/50 ok | pods=1 | avg=195.6ms | p95=262.8ms 
[2025-11-22T00:33:12+00:00] Minute 34/200: 0 req
[2025-11-22T00:33:13+00:00] Minute 35/200: 21 req
→ 21/21 ok | pods=1 | avg=182.6ms | p95=245.2ms 
[2025-11-22T00:33:19+00:00] Minute 36/200: 80 req
→ 50/50 ok | pods=1 | avg=174.5ms | p95=248.1ms 
[2025-11-22T00:33:29+00:00] Minute 37/200: 17 req
→ 17/17 ok | pods=1 | avg=157.8ms | p95=208.8ms 
[2025-11-22T00:33:34+00:00] Minute 38/200: 52 req
→ 50/50 ok | pods=1 | avg=173.0ms | p95=256.1ms 
[2025-11-22T00:33:44+00:00] Minute 39/200: 71 req
→ 50/50 ok | pods=1 | avg=149.6ms | p95=229.3ms 
[2025-11-22T00:33:54+00:00] Minute 40/200: 104 req
→ 50/50 ok | pods=1 | avg=179.3ms | p95=244.4ms 
[2025-11-22T00:34:05+00:00] Minute 41/200: 21 req
→ 21/21 ok | pods=1 | avg=183.0ms | p95=262.5ms 
[2025-11-22T00:34:10+00:00] Minute 42/200: 122 req
→ 50/50 ok | pods=1 | avg=182.8ms | p95=257.5ms 
[2025-11-22T00:34:21+00:00] Minute 43/200: 138 req
→ 50/50 ok | pods=1 | avg=186.0ms | p95=230.6ms 
[2025-11-22T00:34:32+00:00] Minute 44/200: 111 req
→ 50/50 ok | pods=1 | avg=166.8ms | p95=220.1ms 
[2025-11-22T00:34:42+00:00] Minute 45/200: 105 req
→ 50/50 ok | pods=1 | avg=175.0ms | p95=228.8ms 
[2025-11-22T00:34:53+00:00] Minute 46/200: 121 req
→ 50/50 ok | pods=1 | avg=181.1ms | p95=200.8ms 
[2025-11-22T00:35:04+00:00] Minute 47/200: 126 req
→ 50/50 ok | pods=1 | avg=181.0ms | p95=237.5ms 
[2025-11-22T00:35:15+00:00] Minute 48/200: 117 req
→ 50/50 ok | pods=1 | avg=178.4ms | p95=265.2ms 
[2025-11-22T00:35:26+00:00] Minute 49/200: 125 req
