
 TRAFFIC RUN: func_235-lstm
URL: http://func-235-lstm.default.172.199.57.57.sslip.io
Replay minutes: 200
Speedup: 90x

[2025-11-23T11:17:27+00:00] Minute 1/200: 50 req
→ 50/50 ok | pods=4 | p95=767.2 ms COLD
[2025-11-23T11:22:23+00:00] Minute 2/200: 50 req
→ 50/50 ok | pods=5 | p95=726.8 ms COLD
[2025-11-23T11:22:55+00:00] Minute 3/200: 0 req
[2025-11-23T11:22:55+00:00] Minute 4/200: 50 req
→ 50/50 ok | pods=5 | p95=856.2 ms 
[2025-11-23T11:23:29+00:00] Minute 5/200: 50 req
→ 50/50 ok | pods=5 | p95=736.9 ms 
[2025-11-23T11:24:01+00:00] Minute 6/200: 50 req
→ 49/50 ok | pods=5 | p95=745.1 ms 
[2025-11-23T11:24:38+00:00] Minute 7/200: 2 req
→ 2/2 ok | pods=5 | p95=701.2 ms 
[2025-11-23T11:24:40+00:00] Minute 8/200: 22 req
→ 22/22 ok | pods=5 | p95=950.6 ms 
[2025-11-23T11:24:54+00:00] Minute 9/200: 50 req
→ 50/50 ok | pods=5 | p95=823.5 ms 
[2025-11-23T11:25:27+00:00] Minute 10/200: 13 req
→ 13/13 ok | pods=5 | p95=809.5 ms 
[2025-11-23T11:25:35+00:00] Minute 11/200: 0 req
[2025-11-23T11:25:36+00:00] Minute 12/200: 1 req
→ 1/1 ok | pods=5 | p95=664.2 ms 
[2025-11-23T11:25:37+00:00] Minute 13/200: 8 req
→ 8/8 ok | pods=5 | p95=716.9 ms 
[2025-11-23T11:25:42+00:00] Minute 14/200: 50 req
→ 50/50 ok | pods=5 | p95=790.6 ms 
[2025-11-23T11:26:15+00:00] Minute 15/200: 50 req
→ 50/50 ok | pods=5 | p95=801.7 ms 
[2025-11-23T11:26:49+00:00] Minute 16/200: 50 req
→ 50/50 ok | pods=5 | p95=824.2 ms 
[2025-11-23T11:27:22+00:00] Minute 17/200: 50 req
→ 50/50 ok | pods=4 | p95=760.2 ms 
[2025-11-23T11:27:54+00:00] Minute 18/200: 11 req
→ 11/11 ok | pods=4 | p95=712.5 ms 
[2025-11-23T11:28:01+00:00] Minute 19/200: 21 req
→ 21/21 ok | pods=4 | p95=701.2 ms 
[2025-11-23T11:28:14+00:00] Minute 20/200: 6 req
→ 6/6 ok | pods=4 | p95=654.6 ms 
[2025-11-23T11:28:18+00:00] Minute 21/200: 27 req
→ 27/27 ok | pods=4 | p95=754.2 ms 
[2025-11-23T11:28:35+00:00] Minute 22/200: 50 req
→ 50/50 ok | pods=3 | p95=763.2 ms 
[2025-11-23T11:29:08+00:00] Minute 23/200: 50 req
→ 50/50 ok | pods=3 | p95=781.8 ms 
[2025-11-23T11:29:41+00:00] Minute 24/200: 0 req
[2025-11-23T11:29:41+00:00] Minute 25/200: 34 req
→ 34/34 ok | pods=3 | p95=734.8 ms 
[2025-11-23T11:30:03+00:00] Minute 26/200: 47 req
→ 47/47 ok | pods=3 | p95=834.7 ms 
[2025-11-23T11:30:34+00:00] Minute 27/200: 24 req
→ 24/24 ok | pods=3 | p95=711.8 ms 
[2025-11-23T11:30:50+00:00] Minute 28/200: 50 req
→ 50/50 ok | pods=3 | p95=815.7 ms 
[2025-11-23T11:31:23+00:00] Minute 29/200: 50 req
→ 50/50 ok | pods=3 | p95=810.9 ms 
[2025-11-23T11:31:56+00:00] Minute 30/200: 50 req
→ 50/50 ok | pods=3 | p95=779.4 ms 
[2025-11-23T11:32:29+00:00] Minute 31/200: 49 req
→ 49/49 ok | pods=3 | p95=808.9 ms 
[2025-11-23T11:33:01+00:00] Minute 32/200: 50 req
→ 50/50 ok | pods=3 | p95=794.7 ms 
[2025-11-23T11:33:32+00:00] Minute 33/200: 50 req
→ 50/50 ok | pods=3 | p95=817.3 ms 
[2025-11-23T11:34:05+00:00] Minute 34/200: 0 req
[2025-11-23T11:34:05+00:00] Minute 35/200: 21 req
→ 21/21 ok | pods=3 | p95=851.0 ms 
[2025-11-23T11:34:18+00:00] Minute 36/200: 50 req
→ 50/50 ok | pods=3 | p95=729.5 ms 
[2025-11-23T11:34:48+00:00] Minute 37/200: 17 req
→ 17/17 ok | pods=3 | p95=734.1 ms 
[2025-11-23T11:34:58+00:00] Minute 38/200: 50 req
→ 50/50 ok | pods=3 | p95=771.1 ms 
[2025-11-23T11:35:29+00:00] Minute 39/200: 50 req
→ 50/50 ok | pods=3 | p95=731.4 ms 
[2025-11-23T11:36:00+00:00] Minute 40/200: 50 req
→ 50/50 ok | pods=3 | p95=739.1 ms 
[2025-11-23T11:36:30+00:00] Minute 41/200: 21 req
→ 21/21 ok | pods=3 | p95=950.9 ms 
[2025-11-23T11:36:44+00:00] Minute 42/200: 50 req
→ 50/50 ok | pods=3 | p95=739.6 ms 
[2025-11-23T11:37:16+00:00] Minute 43/200: 50 req
→ 50/50 ok | pods=3 | p95=819.7 ms 
[2025-11-23T11:37:46+00:00] Minute 44/200: 50 req
